2023-03-13 08:56:45,794 - mmdet - INFO - Environment info:
------------------------------------------------------------
sys.platform: linux
Python: 3.7.16 (default, Jan 17 2023, 22:20:44) [GCC 11.2.0]
CUDA available: True
GPU 0: NVIDIA GeForce RTX 3080 Ti Laptop GPU
CUDA_HOME: /home/xlim/anaconda3/envs/mm-polar
NVCC: Cuda compilation tools, release 11.7, V11.7.64
GCC: gcc (Ubuntu 9.4.0-1ubuntu1~20.04.1) 9.4.0
PyTorch: 1.10.0
PyTorch compiling details: PyTorch built with:
  - GCC 7.3
  - C++ Version: 201402
  - Intel(R) oneAPI Math Kernel Library Version 2021.4-Product Build 20210904 for Intel(R) 64 architecture applications
  - Intel(R) MKL-DNN v2.2.3 (Git Hash 7336ca9f055cf1bfa13efb658fe15dc9b41f0740)
  - OpenMP 201511 (a.k.a. OpenMP 4.5)
  - LAPACK is enabled (usually provided by MKL)
  - NNPACK is enabled
  - CPU capability usage: AVX2
  - CUDA Runtime 11.7
  - Built with CUDA Runtime 11.3
  - NVCC architecture flags: -gencode;arch=compute_37,code=sm_37;-gencode;arch=compute_50,code=sm_50;-gencode;arch=compute_60,code=sm_60;-gencode;arch=compute_61,code=sm_61;-gencode;arch=compute_70,code=sm_70;-gencode;arch=compute_75,code=sm_75;-gencode;arch=compute_80,code=sm_80;-gencode;arch=compute_86,code=sm_86;-gencode;arch=compute_37,code=compute_37
  - CuDNN 8.2
  - Magma 2.5.2
  - Build settings: BLAS_INFO=mkl, BUILD_TYPE=Release, CUDA_VERSION=11.3, CUDNN_VERSION=8.2.0, CXX_COMPILER=/opt/rh/devtoolset-7/root/usr/bin/c++, CXX_FLAGS= -Wno-deprecated -fvisibility-inlines-hidden -DUSE_PTHREADPOOL -fopenmp -DNDEBUG -DUSE_KINETO -DUSE_FBGEMM -DUSE_QNNPACK -DUSE_PYTORCH_QNNPACK -DUSE_XNNPACK -DSYMBOLICATE_MOBILE_DEBUG_HANDLE -DEDGE_PROFILER_USE_KINETO -O2 -fPIC -Wno-narrowing -Wall -Wextra -Werror=return-type -Wno-missing-field-initializers -Wno-type-limits -Wno-array-bounds -Wno-unknown-pragmas -Wno-sign-compare -Wno-unused-parameter -Wno-unused-variable -Wno-unused-function -Wno-unused-result -Wno-unused-local-typedefs -Wno-strict-overflow -Wno-strict-aliasing -Wno-error=deprecated-declarations -Wno-stringop-overflow -Wno-psabi -Wno-error=pedantic -Wno-error=redundant-decls -Wno-error=old-style-cast -fdiagnostics-color=always -faligned-new -Wno-unused-but-set-variable -Wno-maybe-uninitialized -fno-math-errno -fno-trapping-math -Werror=format -Wno-stringop-overflow, LAPACK_INFO=mkl, PERF_WITH_AVX=1, PERF_WITH_AVX2=1, PERF_WITH_AVX512=1, TORCH_VERSION=1.10.0, USE_CUDA=ON, USE_CUDNN=ON, USE_EXCEPTION_PTR=1, USE_GFLAGS=OFF, USE_GLOG=OFF, USE_MKL=ON, USE_MKLDNN=ON, USE_MPI=OFF, USE_NCCL=ON, USE_NNPACK=ON, USE_OPENMP=ON, 

TorchVision: 0.11.0
OpenCV: 4.7.0
MMCV: 1.7.0
MMCV Compiler: GCC 9.4
MMCV CUDA Compiler: 11.7
MMDetection: 2.28.2+b8fb2bf
------------------------------------------------------------

2023-03-13 08:56:45,936 - mmdet - INFO - Distributed training: False
2023-03-13 08:56:46,035 - mmdet - INFO - Config:
model = dict(
    type='PolarMask',
    backbone=dict(
        type='ResNet',
        depth=50,
        num_stages=4,
        out_indices=(0, 1, 2, 3),
        frozen_stages=1,
        norm_cfg=dict(type='BN', requires_grad=True),
        norm_eval=True,
        style='pytorch',
        init_cfg=dict(type='Pretrained', checkpoint='torchvision://resnet50')),
    neck=dict(
        type='FPN',
        in_channels=[256, 512, 1024, 2048],
        out_channels=256,
        start_level=1,
        add_extra_convs='on_output',
        num_outs=5,
        relu_before_extra_convs=True),
    bbox_head=dict(
        type='PolarMask_Head',
        num_classes=4,
        in_channels=256,
        stacked_convs=4,
        feat_channels=256,
        strides=[8, 16, 32, 64, 128],
        loss_cls=dict(
            type='FocalLoss',
            use_sigmoid=True,
            gamma=2.0,
            alpha=0.25,
            loss_weight=1.0),
        loss_bbox=dict(type='IoULoss', loss_weight=1.0),
        loss_centerness=dict(
            type='CrossEntropyLoss', use_sigmoid=True, loss_weight=1.0)),
    train_cfg=dict(
        assigner=dict(
            type='MaxIoUAssigner',
            pos_iou_thr=0.5,
            neg_iou_thr=0.4,
            min_pos_iou=0.0,
            ignore_iof_thr=-1,
            gt_max_assign_all=False),
        allowed_border=-1,
        pos_weight=-1,
        neg_pos_ratio=3,
        debug=False),
    test_cfg=dict(
        nms_pre=1000,
        min_bbox_size=0,
        score_thr=0.05,
        iou_thr=0.5,
        nms=dict(type='nms', iou_thr=0.5),
        max_per_img=100))
dataset_type = 'CocoSegDataset'
data_root = 'data/coco/'
img_norm_cfg = dict(
    mean=[102.9801, 115.9465, 122.7717], std=[1.0, 1.0, 1.0], to_rgb=False)
train_pipeline = [
    dict(type='LoadImageFromFile'),
    dict(
        type='LoadAnnotations',
        with_bbox=True,
        with_mask=True,
        with_label=True),
    dict(type='Resize', img_scale=(1280, 768), keep_ratio=False),
    dict(type='RandomFlip', flip_ratio=0.5),
    dict(
        type='Normalize',
        mean=[102.9801, 115.9465, 122.7717],
        std=[1.0, 1.0, 1.0],
        to_rgb=False),
    dict(type='DefaultFormatBundle'),
    dict(type='Collect', keys=['img', 'gt_bboxes', 'gt_labels', 'gt_masks'])
]
val_pipeline = [
    dict(type='LoadImageFromFile'),
    dict(type='Resize', img_scale=(1280, 768), keep_ratio=False),
    dict(type='RandomFlip', flip_ratio=0.0),
    dict(
        type='Normalize',
        mean=[102.9801, 115.9465, 122.7717],
        std=[1.0, 1.0, 1.0],
        to_rgb=False),
    dict(type='DefaultFormatBundle'),
    dict(type='Collect', keys=['img'])
]
test_pipeline = [
    dict(type='LoadImageFromFile'),
    dict(
        type='MultiScaleFlipAug',
        img_scale=(1280, 768),
        flip=False,
        transforms=[
            dict(type='Resize', keep_ratio=False),
            dict(type='RandomFlip'),
            dict(
                type='Normalize',
                mean=[102.9801, 115.9465, 122.7717],
                std=[1.0, 1.0, 1.0],
                to_rgb=False),
            dict(type='Pad', size_divisor=32),
            dict(type='ImageToTensor', keys=['img']),
            dict(type='Collect', keys=['img'])
        ])
]
data = dict(
    imgs_per_gpu=4,
    workers_per_gpu=5,
    train=dict(
        type='CocoSegDataset',
        ann_file='data/coco/annotations/instances_train2017.json',
        img_prefix='data/coco/train2017/',
        pipeline=[
            dict(type='LoadImageFromFile'),
            dict(
                type='LoadAnnotations',
                with_bbox=True,
                with_mask=True,
                with_label=True),
            dict(type='Resize', img_scale=(1280, 768), keep_ratio=False),
            dict(type='RandomFlip', flip_ratio=0.5),
            dict(
                type='Normalize',
                mean=[102.9801, 115.9465, 122.7717],
                std=[1.0, 1.0, 1.0],
                to_rgb=False),
            dict(type='DefaultFormatBundle'),
            dict(
                type='Collect',
                keys=['img', 'gt_bboxes', 'gt_labels', 'gt_masks'])
        ]),
    val=dict(
        type='CocoSegDataset',
        ann_file='data/coco/annotations/instances_val2017.json',
        img_prefix='data/coco/val2017/',
        pipeline=[
            dict(type='LoadImageFromFile'),
            dict(
                type='MultiScaleFlipAug',
                img_scale=(1280, 768),
                flip=False,
                transforms=[
                    dict(type='Resize', keep_ratio=False),
                    dict(type='RandomFlip'),
                    dict(
                        type='Normalize',
                        mean=[102.9801, 115.9465, 122.7717],
                        std=[1.0, 1.0, 1.0],
                        to_rgb=False),
                    dict(type='Pad', size_divisor=32),
                    dict(type='ImageToTensor', keys=['img']),
                    dict(type='Collect', keys=['img'])
                ])
        ]),
    test=dict(
        type='CocoSegDataset',
        ann_file='data/coco/annotations/instances_val2017.json',
        img_prefix='data/coco/val2017/',
        pipeline=[
            dict(type='LoadImageFromFile'),
            dict(
                type='MultiScaleFlipAug',
                img_scale=(1280, 768),
                flip=False,
                transforms=[
                    dict(type='Resize', keep_ratio=False),
                    dict(type='RandomFlip'),
                    dict(
                        type='Normalize',
                        mean=[102.9801, 115.9465, 122.7717],
                        std=[1.0, 1.0, 1.0],
                        to_rgb=False),
                    dict(type='Pad', size_divisor=32),
                    dict(type='ImageToTensor', keys=['img']),
                    dict(type='Collect', keys=['img'])
                ])
        ]))
optimizer = dict(
    type='SGD',
    lr=0.01,
    momentum=0.9,
    weight_decay=0.0001,
    paramwise_cfg=dict(bias_lr_mult=2.0, bias_decay_mult=0.0))
optimizer_config = dict(grad_clip=dict(max_norm=35, norm_type=2))
lr_config = dict(
    policy='step',
    warmup='linear',
    warmup_iters=500,
    warmup_ratio=0.3333333333333333,
    step=[8, 11])
runner = dict(type='EpochBasedRunner', max_epochs=1)
checkpoint_config = dict(interval=1)
log_config = dict(interval=10, hooks=[dict(type='TextLoggerHook')])
dist_params = dict(backend='nccl')
log_level = 'INFO'
load_from = None
resume_from = None
workflow = [('train', 1)]
work_dir = './work_dirs/polar_768_1x_r50_coco'
auto_resume = False
gpu_ids = [0]

2023-03-13 08:56:46,035 - mmdet - INFO - Set random seed to 315263270, deterministic: False
2023-03-13 08:56:46,226 - mmdet - INFO - initialize ResNet with init_cfg {'type': 'Pretrained', 'checkpoint': 'torchvision://resnet50'}
2023-03-13 08:56:46,287 - mmdet - INFO - initialize FPN with init_cfg {'type': 'Xavier', 'layer': 'Conv2d', 'distribution': 'uniform'}
Name of parameter - Initialization information

backbone.conv1.weight - torch.Size([64, 3, 7, 7]): 
PretrainedInit: load from torchvision://resnet50 

backbone.bn1.weight - torch.Size([64]): 
PretrainedInit: load from torchvision://resnet50 

backbone.bn1.bias - torch.Size([64]): 
PretrainedInit: load from torchvision://resnet50 

backbone.layer1.0.conv1.weight - torch.Size([64, 64, 1, 1]): 
PretrainedInit: load from torchvision://resnet50 

backbone.layer1.0.bn1.weight - torch.Size([64]): 
PretrainedInit: load from torchvision://resnet50 

backbone.layer1.0.bn1.bias - torch.Size([64]): 
PretrainedInit: load from torchvision://resnet50 

backbone.layer1.0.conv2.weight - torch.Size([64, 64, 3, 3]): 
PretrainedInit: load from torchvision://resnet50 

backbone.layer1.0.bn2.weight - torch.Size([64]): 
PretrainedInit: load from torchvision://resnet50 

backbone.layer1.0.bn2.bias - torch.Size([64]): 
PretrainedInit: load from torchvision://resnet50 

backbone.layer1.0.conv3.weight - torch.Size([256, 64, 1, 1]): 
PretrainedInit: load from torchvision://resnet50 

backbone.layer1.0.bn3.weight - torch.Size([256]): 
PretrainedInit: load from torchvision://resnet50 

backbone.layer1.0.bn3.bias - torch.Size([256]): 
PretrainedInit: load from torchvision://resnet50 

backbone.layer1.0.downsample.0.weight - torch.Size([256, 64, 1, 1]): 
PretrainedInit: load from torchvision://resnet50 

backbone.layer1.0.downsample.1.weight - torch.Size([256]): 
PretrainedInit: load from torchvision://resnet50 

backbone.layer1.0.downsample.1.bias - torch.Size([256]): 
PretrainedInit: load from torchvision://resnet50 

backbone.layer1.1.conv1.weight - torch.Size([64, 256, 1, 1]): 
PretrainedInit: load from torchvision://resnet50 

backbone.layer1.1.bn1.weight - torch.Size([64]): 
PretrainedInit: load from torchvision://resnet50 

backbone.layer1.1.bn1.bias - torch.Size([64]): 
PretrainedInit: load from torchvision://resnet50 

backbone.layer1.1.conv2.weight - torch.Size([64, 64, 3, 3]): 
PretrainedInit: load from torchvision://resnet50 

backbone.layer1.1.bn2.weight - torch.Size([64]): 
PretrainedInit: load from torchvision://resnet50 

backbone.layer1.1.bn2.bias - torch.Size([64]): 
PretrainedInit: load from torchvision://resnet50 

backbone.layer1.1.conv3.weight - torch.Size([256, 64, 1, 1]): 
PretrainedInit: load from torchvision://resnet50 

backbone.layer1.1.bn3.weight - torch.Size([256]): 
PretrainedInit: load from torchvision://resnet50 

backbone.layer1.1.bn3.bias - torch.Size([256]): 
PretrainedInit: load from torchvision://resnet50 

backbone.layer1.2.conv1.weight - torch.Size([64, 256, 1, 1]): 
PretrainedInit: load from torchvision://resnet50 

backbone.layer1.2.bn1.weight - torch.Size([64]): 
PretrainedInit: load from torchvision://resnet50 

backbone.layer1.2.bn1.bias - torch.Size([64]): 
PretrainedInit: load from torchvision://resnet50 

backbone.layer1.2.conv2.weight - torch.Size([64, 64, 3, 3]): 
PretrainedInit: load from torchvision://resnet50 

backbone.layer1.2.bn2.weight - torch.Size([64]): 
PretrainedInit: load from torchvision://resnet50 

backbone.layer1.2.bn2.bias - torch.Size([64]): 
PretrainedInit: load from torchvision://resnet50 

backbone.layer1.2.conv3.weight - torch.Size([256, 64, 1, 1]): 
PretrainedInit: load from torchvision://resnet50 

backbone.layer1.2.bn3.weight - torch.Size([256]): 
PretrainedInit: load from torchvision://resnet50 

backbone.layer1.2.bn3.bias - torch.Size([256]): 
PretrainedInit: load from torchvision://resnet50 

backbone.layer2.0.conv1.weight - torch.Size([128, 256, 1, 1]): 
PretrainedInit: load from torchvision://resnet50 

backbone.layer2.0.bn1.weight - torch.Size([128]): 
PretrainedInit: load from torchvision://resnet50 

backbone.layer2.0.bn1.bias - torch.Size([128]): 
PretrainedInit: load from torchvision://resnet50 

backbone.layer2.0.conv2.weight - torch.Size([128, 128, 3, 3]): 
PretrainedInit: load from torchvision://resnet50 

backbone.layer2.0.bn2.weight - torch.Size([128]): 
PretrainedInit: load from torchvision://resnet50 

backbone.layer2.0.bn2.bias - torch.Size([128]): 
PretrainedInit: load from torchvision://resnet50 

backbone.layer2.0.conv3.weight - torch.Size([512, 128, 1, 1]): 
PretrainedInit: load from torchvision://resnet50 

backbone.layer2.0.bn3.weight - torch.Size([512]): 
PretrainedInit: load from torchvision://resnet50 

backbone.layer2.0.bn3.bias - torch.Size([512]): 
PretrainedInit: load from torchvision://resnet50 

backbone.layer2.0.downsample.0.weight - torch.Size([512, 256, 1, 1]): 
PretrainedInit: load from torchvision://resnet50 

backbone.layer2.0.downsample.1.weight - torch.Size([512]): 
PretrainedInit: load from torchvision://resnet50 

backbone.layer2.0.downsample.1.bias - torch.Size([512]): 
PretrainedInit: load from torchvision://resnet50 

backbone.layer2.1.conv1.weight - torch.Size([128, 512, 1, 1]): 
PretrainedInit: load from torchvision://resnet50 

backbone.layer2.1.bn1.weight - torch.Size([128]): 
PretrainedInit: load from torchvision://resnet50 

backbone.layer2.1.bn1.bias - torch.Size([128]): 
PretrainedInit: load from torchvision://resnet50 

backbone.layer2.1.conv2.weight - torch.Size([128, 128, 3, 3]): 
PretrainedInit: load from torchvision://resnet50 

backbone.layer2.1.bn2.weight - torch.Size([128]): 
PretrainedInit: load from torchvision://resnet50 

backbone.layer2.1.bn2.bias - torch.Size([128]): 
PretrainedInit: load from torchvision://resnet50 

backbone.layer2.1.conv3.weight - torch.Size([512, 128, 1, 1]): 
PretrainedInit: load from torchvision://resnet50 

backbone.layer2.1.bn3.weight - torch.Size([512]): 
PretrainedInit: load from torchvision://resnet50 

backbone.layer2.1.bn3.bias - torch.Size([512]): 
PretrainedInit: load from torchvision://resnet50 

backbone.layer2.2.conv1.weight - torch.Size([128, 512, 1, 1]): 
PretrainedInit: load from torchvision://resnet50 

backbone.layer2.2.bn1.weight - torch.Size([128]): 
PretrainedInit: load from torchvision://resnet50 

backbone.layer2.2.bn1.bias - torch.Size([128]): 
PretrainedInit: load from torchvision://resnet50 

backbone.layer2.2.conv2.weight - torch.Size([128, 128, 3, 3]): 
PretrainedInit: load from torchvision://resnet50 

backbone.layer2.2.bn2.weight - torch.Size([128]): 
PretrainedInit: load from torchvision://resnet50 

backbone.layer2.2.bn2.bias - torch.Size([128]): 
PretrainedInit: load from torchvision://resnet50 

backbone.layer2.2.conv3.weight - torch.Size([512, 128, 1, 1]): 
PretrainedInit: load from torchvision://resnet50 

backbone.layer2.2.bn3.weight - torch.Size([512]): 
PretrainedInit: load from torchvision://resnet50 

backbone.layer2.2.bn3.bias - torch.Size([512]): 
PretrainedInit: load from torchvision://resnet50 

backbone.layer2.3.conv1.weight - torch.Size([128, 512, 1, 1]): 
PretrainedInit: load from torchvision://resnet50 

backbone.layer2.3.bn1.weight - torch.Size([128]): 
PretrainedInit: load from torchvision://resnet50 

backbone.layer2.3.bn1.bias - torch.Size([128]): 
PretrainedInit: load from torchvision://resnet50 

backbone.layer2.3.conv2.weight - torch.Size([128, 128, 3, 3]): 
PretrainedInit: load from torchvision://resnet50 

backbone.layer2.3.bn2.weight - torch.Size([128]): 
PretrainedInit: load from torchvision://resnet50 

backbone.layer2.3.bn2.bias - torch.Size([128]): 
PretrainedInit: load from torchvision://resnet50 

backbone.layer2.3.conv3.weight - torch.Size([512, 128, 1, 1]): 
PretrainedInit: load from torchvision://resnet50 

backbone.layer2.3.bn3.weight - torch.Size([512]): 
PretrainedInit: load from torchvision://resnet50 

backbone.layer2.3.bn3.bias - torch.Size([512]): 
PretrainedInit: load from torchvision://resnet50 

backbone.layer3.0.conv1.weight - torch.Size([256, 512, 1, 1]): 
PretrainedInit: load from torchvision://resnet50 

backbone.layer3.0.bn1.weight - torch.Size([256]): 
PretrainedInit: load from torchvision://resnet50 

backbone.layer3.0.bn1.bias - torch.Size([256]): 
PretrainedInit: load from torchvision://resnet50 

backbone.layer3.0.conv2.weight - torch.Size([256, 256, 3, 3]): 
PretrainedInit: load from torchvision://resnet50 

backbone.layer3.0.bn2.weight - torch.Size([256]): 
PretrainedInit: load from torchvision://resnet50 

backbone.layer3.0.bn2.bias - torch.Size([256]): 
PretrainedInit: load from torchvision://resnet50 

backbone.layer3.0.conv3.weight - torch.Size([1024, 256, 1, 1]): 
PretrainedInit: load from torchvision://resnet50 

backbone.layer3.0.bn3.weight - torch.Size([1024]): 
PretrainedInit: load from torchvision://resnet50 

backbone.layer3.0.bn3.bias - torch.Size([1024]): 
PretrainedInit: load from torchvision://resnet50 

backbone.layer3.0.downsample.0.weight - torch.Size([1024, 512, 1, 1]): 
PretrainedInit: load from torchvision://resnet50 

backbone.layer3.0.downsample.1.weight - torch.Size([1024]): 
PretrainedInit: load from torchvision://resnet50 

backbone.layer3.0.downsample.1.bias - torch.Size([1024]): 
PretrainedInit: load from torchvision://resnet50 

backbone.layer3.1.conv1.weight - torch.Size([256, 1024, 1, 1]): 
PretrainedInit: load from torchvision://resnet50 

backbone.layer3.1.bn1.weight - torch.Size([256]): 
PretrainedInit: load from torchvision://resnet50 

backbone.layer3.1.bn1.bias - torch.Size([256]): 
PretrainedInit: load from torchvision://resnet50 

backbone.layer3.1.conv2.weight - torch.Size([256, 256, 3, 3]): 
PretrainedInit: load from torchvision://resnet50 

backbone.layer3.1.bn2.weight - torch.Size([256]): 
PretrainedInit: load from torchvision://resnet50 

backbone.layer3.1.bn2.bias - torch.Size([256]): 
PretrainedInit: load from torchvision://resnet50 

backbone.layer3.1.conv3.weight - torch.Size([1024, 256, 1, 1]): 
PretrainedInit: load from torchvision://resnet50 

backbone.layer3.1.bn3.weight - torch.Size([1024]): 
PretrainedInit: load from torchvision://resnet50 

backbone.layer3.1.bn3.bias - torch.Size([1024]): 
PretrainedInit: load from torchvision://resnet50 

backbone.layer3.2.conv1.weight - torch.Size([256, 1024, 1, 1]): 
PretrainedInit: load from torchvision://resnet50 

backbone.layer3.2.bn1.weight - torch.Size([256]): 
PretrainedInit: load from torchvision://resnet50 

backbone.layer3.2.bn1.bias - torch.Size([256]): 
PretrainedInit: load from torchvision://resnet50 

backbone.layer3.2.conv2.weight - torch.Size([256, 256, 3, 3]): 
PretrainedInit: load from torchvision://resnet50 

backbone.layer3.2.bn2.weight - torch.Size([256]): 
PretrainedInit: load from torchvision://resnet50 

backbone.layer3.2.bn2.bias - torch.Size([256]): 
PretrainedInit: load from torchvision://resnet50 

backbone.layer3.2.conv3.weight - torch.Size([1024, 256, 1, 1]): 
PretrainedInit: load from torchvision://resnet50 

backbone.layer3.2.bn3.weight - torch.Size([1024]): 
PretrainedInit: load from torchvision://resnet50 

backbone.layer3.2.bn3.bias - torch.Size([1024]): 
PretrainedInit: load from torchvision://resnet50 

backbone.layer3.3.conv1.weight - torch.Size([256, 1024, 1, 1]): 
PretrainedInit: load from torchvision://resnet50 

backbone.layer3.3.bn1.weight - torch.Size([256]): 
PretrainedInit: load from torchvision://resnet50 

backbone.layer3.3.bn1.bias - torch.Size([256]): 
PretrainedInit: load from torchvision://resnet50 

backbone.layer3.3.conv2.weight - torch.Size([256, 256, 3, 3]): 
PretrainedInit: load from torchvision://resnet50 

backbone.layer3.3.bn2.weight - torch.Size([256]): 
PretrainedInit: load from torchvision://resnet50 

backbone.layer3.3.bn2.bias - torch.Size([256]): 
PretrainedInit: load from torchvision://resnet50 

backbone.layer3.3.conv3.weight - torch.Size([1024, 256, 1, 1]): 
PretrainedInit: load from torchvision://resnet50 

backbone.layer3.3.bn3.weight - torch.Size([1024]): 
PretrainedInit: load from torchvision://resnet50 

backbone.layer3.3.bn3.bias - torch.Size([1024]): 
PretrainedInit: load from torchvision://resnet50 

backbone.layer3.4.conv1.weight - torch.Size([256, 1024, 1, 1]): 
PretrainedInit: load from torchvision://resnet50 

backbone.layer3.4.bn1.weight - torch.Size([256]): 
PretrainedInit: load from torchvision://resnet50 

backbone.layer3.4.bn1.bias - torch.Size([256]): 
PretrainedInit: load from torchvision://resnet50 

backbone.layer3.4.conv2.weight - torch.Size([256, 256, 3, 3]): 
PretrainedInit: load from torchvision://resnet50 

backbone.layer3.4.bn2.weight - torch.Size([256]): 
PretrainedInit: load from torchvision://resnet50 

backbone.layer3.4.bn2.bias - torch.Size([256]): 
PretrainedInit: load from torchvision://resnet50 

backbone.layer3.4.conv3.weight - torch.Size([1024, 256, 1, 1]): 
PretrainedInit: load from torchvision://resnet50 

backbone.layer3.4.bn3.weight - torch.Size([1024]): 
PretrainedInit: load from torchvision://resnet50 

backbone.layer3.4.bn3.bias - torch.Size([1024]): 
PretrainedInit: load from torchvision://resnet50 

backbone.layer3.5.conv1.weight - torch.Size([256, 1024, 1, 1]): 
PretrainedInit: load from torchvision://resnet50 

backbone.layer3.5.bn1.weight - torch.Size([256]): 
PretrainedInit: load from torchvision://resnet50 

backbone.layer3.5.bn1.bias - torch.Size([256]): 
PretrainedInit: load from torchvision://resnet50 

backbone.layer3.5.conv2.weight - torch.Size([256, 256, 3, 3]): 
PretrainedInit: load from torchvision://resnet50 

backbone.layer3.5.bn2.weight - torch.Size([256]): 
PretrainedInit: load from torchvision://resnet50 

backbone.layer3.5.bn2.bias - torch.Size([256]): 
PretrainedInit: load from torchvision://resnet50 

backbone.layer3.5.conv3.weight - torch.Size([1024, 256, 1, 1]): 
PretrainedInit: load from torchvision://resnet50 

backbone.layer3.5.bn3.weight - torch.Size([1024]): 
PretrainedInit: load from torchvision://resnet50 

backbone.layer3.5.bn3.bias - torch.Size([1024]): 
PretrainedInit: load from torchvision://resnet50 

backbone.layer4.0.conv1.weight - torch.Size([512, 1024, 1, 1]): 
PretrainedInit: load from torchvision://resnet50 

backbone.layer4.0.bn1.weight - torch.Size([512]): 
PretrainedInit: load from torchvision://resnet50 

backbone.layer4.0.bn1.bias - torch.Size([512]): 
PretrainedInit: load from torchvision://resnet50 

backbone.layer4.0.conv2.weight - torch.Size([512, 512, 3, 3]): 
PretrainedInit: load from torchvision://resnet50 

backbone.layer4.0.bn2.weight - torch.Size([512]): 
PretrainedInit: load from torchvision://resnet50 

backbone.layer4.0.bn2.bias - torch.Size([512]): 
PretrainedInit: load from torchvision://resnet50 

backbone.layer4.0.conv3.weight - torch.Size([2048, 512, 1, 1]): 
PretrainedInit: load from torchvision://resnet50 

backbone.layer4.0.bn3.weight - torch.Size([2048]): 
PretrainedInit: load from torchvision://resnet50 

backbone.layer4.0.bn3.bias - torch.Size([2048]): 
PretrainedInit: load from torchvision://resnet50 

backbone.layer4.0.downsample.0.weight - torch.Size([2048, 1024, 1, 1]): 
PretrainedInit: load from torchvision://resnet50 

backbone.layer4.0.downsample.1.weight - torch.Size([2048]): 
PretrainedInit: load from torchvision://resnet50 

backbone.layer4.0.downsample.1.bias - torch.Size([2048]): 
PretrainedInit: load from torchvision://resnet50 

backbone.layer4.1.conv1.weight - torch.Size([512, 2048, 1, 1]): 
PretrainedInit: load from torchvision://resnet50 

backbone.layer4.1.bn1.weight - torch.Size([512]): 
PretrainedInit: load from torchvision://resnet50 

backbone.layer4.1.bn1.bias - torch.Size([512]): 
PretrainedInit: load from torchvision://resnet50 

backbone.layer4.1.conv2.weight - torch.Size([512, 512, 3, 3]): 
PretrainedInit: load from torchvision://resnet50 

backbone.layer4.1.bn2.weight - torch.Size([512]): 
PretrainedInit: load from torchvision://resnet50 

backbone.layer4.1.bn2.bias - torch.Size([512]): 
PretrainedInit: load from torchvision://resnet50 

backbone.layer4.1.conv3.weight - torch.Size([2048, 512, 1, 1]): 
PretrainedInit: load from torchvision://resnet50 

backbone.layer4.1.bn3.weight - torch.Size([2048]): 
PretrainedInit: load from torchvision://resnet50 

backbone.layer4.1.bn3.bias - torch.Size([2048]): 
PretrainedInit: load from torchvision://resnet50 

backbone.layer4.2.conv1.weight - torch.Size([512, 2048, 1, 1]): 
PretrainedInit: load from torchvision://resnet50 

backbone.layer4.2.bn1.weight - torch.Size([512]): 
PretrainedInit: load from torchvision://resnet50 

backbone.layer4.2.bn1.bias - torch.Size([512]): 
PretrainedInit: load from torchvision://resnet50 

backbone.layer4.2.conv2.weight - torch.Size([512, 512, 3, 3]): 
PretrainedInit: load from torchvision://resnet50 

backbone.layer4.2.bn2.weight - torch.Size([512]): 
PretrainedInit: load from torchvision://resnet50 

backbone.layer4.2.bn2.bias - torch.Size([512]): 
PretrainedInit: load from torchvision://resnet50 

backbone.layer4.2.conv3.weight - torch.Size([2048, 512, 1, 1]): 
PretrainedInit: load from torchvision://resnet50 

backbone.layer4.2.bn3.weight - torch.Size([2048]): 
PretrainedInit: load from torchvision://resnet50 

backbone.layer4.2.bn3.bias - torch.Size([2048]): 
PretrainedInit: load from torchvision://resnet50 

neck.lateral_convs.0.conv.weight - torch.Size([256, 512, 1, 1]): 
XavierInit: gain=1, distribution=uniform, bias=0 

neck.lateral_convs.0.conv.bias - torch.Size([256]): 
The value is the same before and after calling `init_weights` of PolarMask  

neck.lateral_convs.1.conv.weight - torch.Size([256, 1024, 1, 1]): 
XavierInit: gain=1, distribution=uniform, bias=0 

neck.lateral_convs.1.conv.bias - torch.Size([256]): 
The value is the same before and after calling `init_weights` of PolarMask  

neck.lateral_convs.2.conv.weight - torch.Size([256, 2048, 1, 1]): 
XavierInit: gain=1, distribution=uniform, bias=0 

neck.lateral_convs.2.conv.bias - torch.Size([256]): 
The value is the same before and after calling `init_weights` of PolarMask  

neck.fpn_convs.0.conv.weight - torch.Size([256, 256, 3, 3]): 
XavierInit: gain=1, distribution=uniform, bias=0 

neck.fpn_convs.0.conv.bias - torch.Size([256]): 
The value is the same before and after calling `init_weights` of PolarMask  

neck.fpn_convs.1.conv.weight - torch.Size([256, 256, 3, 3]): 
XavierInit: gain=1, distribution=uniform, bias=0 

neck.fpn_convs.1.conv.bias - torch.Size([256]): 
The value is the same before and after calling `init_weights` of PolarMask  

neck.fpn_convs.2.conv.weight - torch.Size([256, 256, 3, 3]): 
XavierInit: gain=1, distribution=uniform, bias=0 

neck.fpn_convs.2.conv.bias - torch.Size([256]): 
The value is the same before and after calling `init_weights` of PolarMask  

neck.fpn_convs.3.conv.weight - torch.Size([256, 256, 3, 3]): 
XavierInit: gain=1, distribution=uniform, bias=0 

neck.fpn_convs.3.conv.bias - torch.Size([256]): 
The value is the same before and after calling `init_weights` of PolarMask  

neck.fpn_convs.4.conv.weight - torch.Size([256, 256, 3, 3]): 
XavierInit: gain=1, distribution=uniform, bias=0 

neck.fpn_convs.4.conv.bias - torch.Size([256]): 
The value is the same before and after calling `init_weights` of PolarMask  

bbox_head.cls_convs.0.conv.weight - torch.Size([256, 256, 3, 3]): 
Initialized by user-defined `init_weights` in PolarMask_Head  

bbox_head.cls_convs.0.gn.weight - torch.Size([256]): 
The value is the same before and after calling `init_weights` of PolarMask  

bbox_head.cls_convs.0.gn.bias - torch.Size([256]): 
The value is the same before and after calling `init_weights` of PolarMask  

bbox_head.cls_convs.1.conv.weight - torch.Size([256, 256, 3, 3]): 
Initialized by user-defined `init_weights` in PolarMask_Head  

bbox_head.cls_convs.1.gn.weight - torch.Size([256]): 
The value is the same before and after calling `init_weights` of PolarMask  

bbox_head.cls_convs.1.gn.bias - torch.Size([256]): 
The value is the same before and after calling `init_weights` of PolarMask  

bbox_head.cls_convs.2.conv.weight - torch.Size([256, 256, 3, 3]): 
Initialized by user-defined `init_weights` in PolarMask_Head  

bbox_head.cls_convs.2.gn.weight - torch.Size([256]): 
The value is the same before and after calling `init_weights` of PolarMask  

bbox_head.cls_convs.2.gn.bias - torch.Size([256]): 
The value is the same before and after calling `init_weights` of PolarMask  

bbox_head.cls_convs.3.conv.weight - torch.Size([256, 256, 3, 3]): 
Initialized by user-defined `init_weights` in PolarMask_Head  

bbox_head.cls_convs.3.gn.weight - torch.Size([256]): 
The value is the same before and after calling `init_weights` of PolarMask  

bbox_head.cls_convs.3.gn.bias - torch.Size([256]): 
The value is the same before and after calling `init_weights` of PolarMask  

bbox_head.reg_convs.0.conv.weight - torch.Size([256, 256, 3, 3]): 
Initialized by user-defined `init_weights` in PolarMask_Head  

bbox_head.reg_convs.0.gn.weight - torch.Size([256]): 
The value is the same before and after calling `init_weights` of PolarMask  

bbox_head.reg_convs.0.gn.bias - torch.Size([256]): 
The value is the same before and after calling `init_weights` of PolarMask  

bbox_head.reg_convs.1.conv.weight - torch.Size([256, 256, 3, 3]): 
Initialized by user-defined `init_weights` in PolarMask_Head  

bbox_head.reg_convs.1.gn.weight - torch.Size([256]): 
The value is the same before and after calling `init_weights` of PolarMask  

bbox_head.reg_convs.1.gn.bias - torch.Size([256]): 
The value is the same before and after calling `init_weights` of PolarMask  

bbox_head.reg_convs.2.conv.weight - torch.Size([256, 256, 3, 3]): 
Initialized by user-defined `init_weights` in PolarMask_Head  

bbox_head.reg_convs.2.gn.weight - torch.Size([256]): 
The value is the same before and after calling `init_weights` of PolarMask  

bbox_head.reg_convs.2.gn.bias - torch.Size([256]): 
The value is the same before and after calling `init_weights` of PolarMask  

bbox_head.reg_convs.3.conv.weight - torch.Size([256, 256, 3, 3]): 
Initialized by user-defined `init_weights` in PolarMask_Head  

bbox_head.reg_convs.3.gn.weight - torch.Size([256]): 
The value is the same before and after calling `init_weights` of PolarMask  

bbox_head.reg_convs.3.gn.bias - torch.Size([256]): 
The value is the same before and after calling `init_weights` of PolarMask  

bbox_head.mask_convs.0.conv.weight - torch.Size([256, 256, 3, 3]): 
Initialized by user-defined `init_weights` in PolarMask_Head  

bbox_head.mask_convs.0.gn.weight - torch.Size([256]): 
The value is the same before and after calling `init_weights` of PolarMask  

bbox_head.mask_convs.0.gn.bias - torch.Size([256]): 
The value is the same before and after calling `init_weights` of PolarMask  

bbox_head.mask_convs.1.conv.weight - torch.Size([256, 256, 3, 3]): 
Initialized by user-defined `init_weights` in PolarMask_Head  

bbox_head.mask_convs.1.gn.weight - torch.Size([256]): 
The value is the same before and after calling `init_weights` of PolarMask  

bbox_head.mask_convs.1.gn.bias - torch.Size([256]): 
The value is the same before and after calling `init_weights` of PolarMask  

bbox_head.mask_convs.2.conv.weight - torch.Size([256, 256, 3, 3]): 
Initialized by user-defined `init_weights` in PolarMask_Head  

bbox_head.mask_convs.2.gn.weight - torch.Size([256]): 
The value is the same before and after calling `init_weights` of PolarMask  

bbox_head.mask_convs.2.gn.bias - torch.Size([256]): 
The value is the same before and after calling `init_weights` of PolarMask  

bbox_head.mask_convs.3.conv.weight - torch.Size([256, 256, 3, 3]): 
Initialized by user-defined `init_weights` in PolarMask_Head  

bbox_head.mask_convs.3.gn.weight - torch.Size([256]): 
The value is the same before and after calling `init_weights` of PolarMask  

bbox_head.mask_convs.3.gn.bias - torch.Size([256]): 
The value is the same before and after calling `init_weights` of PolarMask  

bbox_head.polar_cls.weight - torch.Size([3, 256, 3, 3]): 
Initialized by user-defined `init_weights` in PolarMask_Head  

bbox_head.polar_cls.bias - torch.Size([3]): 
Initialized by user-defined `init_weights` in PolarMask_Head  

bbox_head.polar_reg.weight - torch.Size([4, 256, 3, 3]): 
Initialized by user-defined `init_weights` in PolarMask_Head  

bbox_head.polar_reg.bias - torch.Size([4]): 
Initialized by user-defined `init_weights` in PolarMask_Head  

bbox_head.polar_mask.weight - torch.Size([36, 256, 3, 3]): 
Initialized by user-defined `init_weights` in PolarMask_Head  

bbox_head.polar_mask.bias - torch.Size([36]): 
Initialized by user-defined `init_weights` in PolarMask_Head  

bbox_head.polar_centerness.weight - torch.Size([1, 256, 3, 3]): 
Initialized by user-defined `init_weights` in PolarMask_Head  

bbox_head.polar_centerness.bias - torch.Size([1]): 
Initialized by user-defined `init_weights` in PolarMask_Head  

bbox_head.scales_bbox.0.scale - torch.Size([]): 
The value is the same before and after calling `init_weights` of PolarMask  

bbox_head.scales_bbox.1.scale - torch.Size([]): 
The value is the same before and after calling `init_weights` of PolarMask  

bbox_head.scales_bbox.2.scale - torch.Size([]): 
The value is the same before and after calling `init_weights` of PolarMask  

bbox_head.scales_bbox.3.scale - torch.Size([]): 
The value is the same before and after calling `init_weights` of PolarMask  

bbox_head.scales_bbox.4.scale - torch.Size([]): 
The value is the same before and after calling `init_weights` of PolarMask  

bbox_head.scales_mask.0.scale - torch.Size([]): 
The value is the same before and after calling `init_weights` of PolarMask  

bbox_head.scales_mask.1.scale - torch.Size([]): 
The value is the same before and after calling `init_weights` of PolarMask  

bbox_head.scales_mask.2.scale - torch.Size([]): 
The value is the same before and after calling `init_weights` of PolarMask  

bbox_head.scales_mask.3.scale - torch.Size([]): 
The value is the same before and after calling `init_weights` of PolarMask  

bbox_head.scales_mask.4.scale - torch.Size([]): 
The value is the same before and after calling `init_weights` of PolarMask  
2023-03-13 08:56:52,639 - mmdet - INFO - Automatic scaling of learning rate (LR) has been disabled.
2023-03-13 08:56:52,780 - mmdet - INFO - Start running, host: xlim@xlim, work_dir: /home/xlim/mmdetection_polarmask/work_dirs/polar_768_1x_r50_coco
2023-03-13 08:56:52,780 - mmdet - INFO - Hooks will be executed in the following order:
before_run:
(VERY_HIGH   ) StepLrUpdaterHook                  
(NORMAL      ) CheckpointHook                     
(LOW         ) EvalHook                           
(VERY_LOW    ) TextLoggerHook                     
 -------------------- 
before_train_epoch:
(VERY_HIGH   ) StepLrUpdaterHook                  
(LOW         ) IterTimerHook                      
(LOW         ) EvalHook                           
(VERY_LOW    ) TextLoggerHook                     
 -------------------- 
before_train_iter:
(VERY_HIGH   ) StepLrUpdaterHook                  
(LOW         ) IterTimerHook                      
(LOW         ) EvalHook                           
 -------------------- 
after_train_iter:
(ABOVE_NORMAL) OptimizerHook                      
(NORMAL      ) CheckpointHook                     
(LOW         ) IterTimerHook                      
(LOW         ) EvalHook                           
(VERY_LOW    ) TextLoggerHook                     
 -------------------- 
after_train_epoch:
(NORMAL      ) CheckpointHook                     
(LOW         ) EvalHook                           
(VERY_LOW    ) TextLoggerHook                     
 -------------------- 
before_val_epoch:
(LOW         ) IterTimerHook                      
(VERY_LOW    ) TextLoggerHook                     
 -------------------- 
before_val_iter:
(LOW         ) IterTimerHook                      
 -------------------- 
after_val_iter:
(LOW         ) IterTimerHook                      
 -------------------- 
after_val_epoch:
(VERY_LOW    ) TextLoggerHook                     
 -------------------- 
after_run:
(VERY_LOW    ) TextLoggerHook                     
 -------------------- 
2023-03-13 08:56:52,780 - mmdet - INFO - workflow: [('train', 1)], max: 1 epochs
2023-03-13 08:56:52,780 - mmdet - INFO - Checkpoints will be saved to /home/xlim/mmdetection_polarmask/work_dirs/polar_768_1x_r50_coco by HardDiskBackend.
2023-03-13 08:57:01,460 - mmdet - INFO - Epoch [1][10/17081]	lr: 3.453e-03, eta: 4:06:51, time: 0.868, data_time: 0.270, memory: 6174, loss_cls: 708.1434, loss_bbox: 3.8881, loss_mask: 2.2767, loss_centerness: 0.3814, loss: 714.6896, grad_norm: 16854.5590
2023-03-13 08:57:06,859 - mmdet - INFO - Epoch [1][20/17081]	lr: 3.587e-03, eta: 3:20:07, time: 0.540, data_time: 0.034, memory: 6174, loss_cls: 62.0400, loss_bbox: 1.9585, loss_mask: 1.7767, loss_centerness: 0.5420, loss: 66.3172, grad_norm: 3544.3127
2023-03-13 08:57:12,487 - mmdet - INFO - Epoch [1][30/17081]	lr: 3.720e-03, eta: 3:06:39, time: 0.563, data_time: 0.036, memory: 6174, loss_cls: 13.4723, loss_bbox: 3.9654, loss_mask: 0.9205, loss_centerness: 0.3418, loss: 18.7000, grad_norm: 516.4618
2023-03-13 08:57:18,177 - mmdet - INFO - Epoch [1][40/17081]	lr: 3.853e-03, eta: 3:00:18, time: 0.569, data_time: 0.041, memory: 6174, loss_cls: 22.2091, loss_bbox: 3.5932, loss_mask: 0.9950, loss_centerness: 0.4641, loss: 27.2614, grad_norm: 1355.9144
2023-03-13 08:57:23,701 - mmdet - INFO - Epoch [1][50/17081]	lr: 3.987e-03, eta: 2:55:31, time: 0.552, data_time: 0.033, memory: 6174, loss_cls: 3.2163, loss_bbox: 2.7989, loss_mask: 0.5441, loss_centerness: 0.7123, loss: 7.2715, grad_norm: 63.5070
2023-03-13 08:57:29,153 - mmdet - INFO - Epoch [1][60/17081]	lr: 4.120e-03, eta: 2:51:57, time: 0.545, data_time: 0.044, memory: 6174, loss_cls: 106.1289, loss_bbox: 2.6924, loss_mask: 0.6471, loss_centerness: 0.5832, loss: 110.0517, grad_norm: 4756.9196
2023-03-13 08:57:34,481 - mmdet - INFO - Epoch [1][70/17081]	lr: 4.253e-03, eta: 2:48:52, time: 0.533, data_time: 0.033, memory: 6174, loss_cls: 5.7512, loss_bbox: 2.9965, loss_mask: 0.4164, loss_centerness: 0.4731, loss: 9.6372, grad_norm: 175.6914
2023-03-13 08:57:39,820 - mmdet - INFO - Epoch [1][80/17081]	lr: 4.387e-03, eta: 2:46:35, time: 0.534, data_time: 0.032, memory: 6174, loss_cls: 8.8317, loss_bbox: 3.1281, loss_mask: 0.6390, loss_centerness: 0.3712, loss: 12.9700, grad_norm: 181.4182
2023-03-13 08:57:45,257 - mmdet - INFO - Epoch [1][90/17081]	lr: 4.520e-03, eta: 2:45:06, time: 0.544, data_time: 0.040, memory: 6174, loss_cls: 5.4223, loss_bbox: 5.0142, loss_mask: 0.7957, loss_centerness: 0.6016, loss: 11.8339, grad_norm: 48.0631
2023-03-13 08:57:50,633 - mmdet - INFO - Epoch [1][100/17081]	lr: 4.653e-03, eta: 2:43:43, time: 0.538, data_time: 0.036, memory: 6174, loss_cls: 5.5794, loss_bbox: 5.7422, loss_mask: 0.7824, loss_centerness: 0.8742, loss: 12.9782, grad_norm: 97.5040
2023-03-13 08:57:56,048 - mmdet - INFO - Epoch [1][110/17081]	lr: 4.787e-03, eta: 2:42:40, time: 0.541, data_time: 0.038, memory: 6174, loss_cls: 6.2575, loss_bbox: 2.6400, loss_mask: 0.6583, loss_centerness: 0.7177, loss: 10.2735, grad_norm: 68.0491
2023-03-13 08:58:01,415 - mmdet - INFO - Epoch [1][120/17081]	lr: 4.920e-03, eta: 2:41:40, time: 0.537, data_time: 0.032, memory: 6174, loss_cls: 4.2112, loss_bbox: 3.8531, loss_mask: 0.6755, loss_centerness: 0.5166, loss: 9.2564, grad_norm: 48.2271
2023-03-13 08:58:06,767 - mmdet - INFO - Epoch [1][130/17081]	lr: 5.053e-03, eta: 2:40:46, time: 0.535, data_time: 0.033, memory: 6174, loss_cls: 2.6057, loss_bbox: 1.7240, loss_mask: 0.4807, loss_centerness: 0.5203, loss: 5.3307, grad_norm: 18.1213
2023-03-13 08:58:12,162 - mmdet - INFO - Epoch [1][140/17081]	lr: 5.187e-03, eta: 2:40:05, time: 0.539, data_time: 0.035, memory: 6174, loss_cls: 7.9209, loss_bbox: 3.2576, loss_mask: 0.6928, loss_centerness: 0.3541, loss: 12.2253, grad_norm: 193.6887
2023-03-13 08:58:17,554 - mmdet - INFO - Epoch [1][150/17081]	lr: 5.320e-03, eta: 2:39:28, time: 0.539, data_time: 0.035, memory: 6174, loss_cls: 5.0142, loss_bbox: 3.3238, loss_mask: 0.5045, loss_centerness: 0.7392, loss: 9.5817, grad_norm: 29.6869
2023-03-13 08:58:22,922 - mmdet - INFO - Epoch [1][160/17081]	lr: 5.453e-03, eta: 2:38:52, time: 0.537, data_time: 0.034, memory: 6174, loss_cls: 2.1736, loss_bbox: 1.5288, loss_mask: 0.3883, loss_centerness: 0.4120, loss: 4.5027, grad_norm: 13.0909
2023-03-13 08:58:28,318 - mmdet - INFO - Epoch [1][170/17081]	lr: 5.587e-03, eta: 2:38:23, time: 0.540, data_time: 0.035, memory: 6174, loss_cls: 4.2619, loss_bbox: 3.5082, loss_mask: 0.7749, loss_centerness: 0.6237, loss: 9.1688, grad_norm: 65.3760
2023-03-13 08:58:33,629 - mmdet - INFO - Epoch [1][180/17081]	lr: 5.720e-03, eta: 2:37:48, time: 0.531, data_time: 0.027, memory: 6174, loss_cls: 2.9101, loss_bbox: 1.8645, loss_mask: 0.4987, loss_centerness: 0.3689, loss: 5.6422, grad_norm: 24.1181
2023-03-13 08:58:38,908 - mmdet - INFO - Epoch [1][190/17081]	lr: 5.853e-03, eta: 2:37:14, time: 0.528, data_time: 0.032, memory: 6174, loss_cls: nan, loss_bbox: nan, loss_mask: nan, loss_centerness: nan, loss: nan, grad_norm: nan
2023-03-13 08:58:44,078 - mmdet - INFO - Epoch [1][200/17081]	lr: 5.987e-03, eta: 2:36:33, time: 0.517, data_time: 0.031, memory: 6174, loss_cls: nan, loss_bbox: nan, loss_mask: nan, loss_centerness: nan, loss: nan, grad_norm: nan
2023-03-13 08:58:49,225 - mmdet - INFO - Epoch [1][210/17081]	lr: 6.120e-03, eta: 2:35:54, time: 0.515, data_time: 0.029, memory: 6174, loss_cls: nan, loss_bbox: nan, loss_mask: nan, loss_centerness: nan, loss: nan, grad_norm: nan
2023-03-13 08:58:54,386 - mmdet - INFO - Epoch [1][220/17081]	lr: 6.253e-03, eta: 2:35:19, time: 0.516, data_time: 0.030, memory: 6174, loss_cls: nan, loss_bbox: nan, loss_mask: nan, loss_centerness: nan, loss: nan, grad_norm: nan
2023-03-13 08:58:59,524 - mmdet - INFO - Epoch [1][230/17081]	lr: 6.387e-03, eta: 2:34:45, time: 0.514, data_time: 0.028, memory: 6174, loss_cls: nan, loss_bbox: nan, loss_mask: nan, loss_centerness: nan, loss: nan, grad_norm: nan
2023-03-13 08:59:04,667 - mmdet - INFO - Epoch [1][240/17081]	lr: 6.520e-03, eta: 2:34:14, time: 0.514, data_time: 0.028, memory: 6174, loss_cls: nan, loss_bbox: nan, loss_mask: nan, loss_centerness: nan, loss: nan, grad_norm: nan
2023-03-13 08:59:09,788 - mmdet - INFO - Epoch [1][250/17081]	lr: 6.653e-03, eta: 2:33:43, time: 0.512, data_time: 0.026, memory: 6174, loss_cls: nan, loss_bbox: nan, loss_mask: nan, loss_centerness: nan, loss: nan, grad_norm: nan
2023-03-13 08:59:15,003 - mmdet - INFO - Epoch [1][260/17081]	lr: 6.787e-03, eta: 2:33:21, time: 0.521, data_time: 0.033, memory: 6174, loss_cls: nan, loss_bbox: nan, loss_mask: nan, loss_centerness: nan, loss: nan, grad_norm: nan
