2023-03-10 13:17:59,244 - mmdet - INFO - Environment info:
------------------------------------------------------------
sys.platform: linux
Python: 3.7.12 | packaged by conda-forge | (default, Oct 26 2021, 06:08:21) [GCC 9.4.0]
CUDA available: True
GPU 0: NVIDIA GeForce RTX 3080 Ti
CUDA_HOME: /home/ali/miniconda3/envs/mm-polar
NVCC: Cuda compilation tools, release 11.7, V11.7.64
GCC: gcc (Ubuntu 7.5.0-3ubuntu1~18.04) 7.5.0
PyTorch: 1.10.0
PyTorch compiling details: PyTorch built with:
  - GCC 7.3
  - C++ Version: 201402
  - Intel(R) oneAPI Math Kernel Library Version 2021.4-Product Build 20210904 for Intel(R) 64 architecture applications
  - Intel(R) MKL-DNN v2.2.3 (Git Hash 7336ca9f055cf1bfa13efb658fe15dc9b41f0740)
  - OpenMP 201511 (a.k.a. OpenMP 4.5)
  - LAPACK is enabled (usually provided by MKL)
  - NNPACK is enabled
  - CPU capability usage: AVX2
  - CUDA Runtime 11.7
  - Built with CUDA Runtime 11.3
  - NVCC architecture flags: -gencode;arch=compute_37,code=sm_37;-gencode;arch=compute_50,code=sm_50;-gencode;arch=compute_60,code=sm_60;-gencode;arch=compute_61,code=sm_61;-gencode;arch=compute_70,code=sm_70;-gencode;arch=compute_75,code=sm_75;-gencode;arch=compute_80,code=sm_80;-gencode;arch=compute_86,code=sm_86;-gencode;arch=compute_37,code=compute_37
  - CuDNN 8.2
  - Magma 2.5.2
  - Build settings: BLAS_INFO=mkl, BUILD_TYPE=Release, CUDA_VERSION=11.3, CUDNN_VERSION=8.2.0, CXX_COMPILER=/opt/rh/devtoolset-7/root/usr/bin/c++, CXX_FLAGS= -Wno-deprecated -fvisibility-inlines-hidden -DUSE_PTHREADPOOL -fopenmp -DNDEBUG -DUSE_KINETO -DUSE_FBGEMM -DUSE_QNNPACK -DUSE_PYTORCH_QNNPACK -DUSE_XNNPACK -DSYMBOLICATE_MOBILE_DEBUG_HANDLE -DEDGE_PROFILER_USE_KINETO -O2 -fPIC -Wno-narrowing -Wall -Wextra -Werror=return-type -Wno-missing-field-initializers -Wno-type-limits -Wno-array-bounds -Wno-unknown-pragmas -Wno-sign-compare -Wno-unused-parameter -Wno-unused-variable -Wno-unused-function -Wno-unused-result -Wno-unused-local-typedefs -Wno-strict-overflow -Wno-strict-aliasing -Wno-error=deprecated-declarations -Wno-stringop-overflow -Wno-psabi -Wno-error=pedantic -Wno-error=redundant-decls -Wno-error=old-style-cast -fdiagnostics-color=always -faligned-new -Wno-unused-but-set-variable -Wno-maybe-uninitialized -fno-math-errno -fno-trapping-math -Werror=format -Wno-stringop-overflow, LAPACK_INFO=mkl, PERF_WITH_AVX=1, PERF_WITH_AVX2=1, PERF_WITH_AVX512=1, TORCH_VERSION=1.10.0, USE_CUDA=ON, USE_CUDNN=ON, USE_EXCEPTION_PTR=1, USE_GFLAGS=OFF, USE_GLOG=OFF, USE_MKL=ON, USE_MKLDNN=ON, USE_MPI=OFF, USE_NCCL=ON, USE_NNPACK=ON, USE_OPENMP=ON, 

TorchVision: 0.11.0
OpenCV: 4.7.0
MMCV: 1.7.0
MMCV Compiler: GCC 7.5
MMCV CUDA Compiler: 11.7
MMDetection: 2.28.2+e9cae2d
------------------------------------------------------------

2023-03-10 13:17:59,395 - mmdet - INFO - Distributed training: False
2023-03-10 13:17:59,501 - mmdet - INFO - Config:
model = dict(
    type='PolarMask',
    backbone=dict(
        type='ResNet',
        depth=50,
        num_stages=4,
        out_indices=(0, 1, 2, 3),
        frozen_stages=1,
        norm_cfg=dict(type='BN', requires_grad=True),
        norm_eval=True,
        style='pytorch',
        init_cfg=dict(type='Pretrained', checkpoint='torchvision://resnet50')),
    neck=dict(
        type='FPN',
        in_channels=[256, 512, 1024, 2048],
        out_channels=256,
        start_level=1,
        add_extra_convs='on_output',
        num_outs=5,
        relu_before_extra_convs=True),
    bbox_head=dict(
        type='PolarMask_Head',
        num_classes=4,
        in_channels=256,
        stacked_convs=4,
        feat_channels=256,
        strides=[8, 16, 32, 64, 128],
        loss_cls=dict(
            type='FocalLoss',
            use_sigmoid=True,
            gamma=2.0,
            alpha=0.25,
            loss_weight=1.0),
        loss_bbox=dict(type='IoULoss', loss_weight=1.0),
        loss_centerness=dict(
            type='CrossEntropyLoss', use_sigmoid=True, loss_weight=1.0)),
    train_cfg=dict(
        assigner=dict(
            type='MaxIoUAssigner',
            pos_iou_thr=0.5,
            neg_iou_thr=0.4,
            min_pos_iou=0.0,
            ignore_iof_thr=-1,
            gt_max_assign_all=False),
        allowed_border=-1,
        pos_weight=-1,
        neg_pos_ratio=3,
        debug=False),
    test_cfg=dict(
        nms_pre=1000,
        min_bbox_size=0,
        score_thr=0.05,
        iou_thr=0.5,
        nms=dict(type='nms', iou_thr=0.5),
        max_per_img=100))
dataset_type = 'CocoSegDataset'
data_root = 'data/coco/'
img_norm_cfg = dict(
    mean=[102.9801, 115.9465, 122.7717], std=[1.0, 1.0, 1.0], to_rgb=False)
train_pipeline = [
    dict(type='LoadImageFromFile'),
    dict(
        type='LoadAnnotations',
        with_bbox=True,
        with_mask=True,
        with_label=True),
    dict(type='Resize', img_scale=(1280, 768), keep_ratio=False),
    dict(type='RandomFlip', flip_ratio=0.5),
    dict(
        type='Normalize',
        mean=[102.9801, 115.9465, 122.7717],
        std=[1.0, 1.0, 1.0],
        to_rgb=False),
    dict(type='DefaultFormatBundle'),
    dict(type='Collect', keys=['img', 'gt_bboxes', 'gt_labels', 'gt_masks'])
]
val_pipeline = [
    dict(type='LoadImageFromFile'),
    dict(type='Resize', img_scale=(1280, 768), keep_ratio=False),
    dict(type='RandomFlip', flip_ratio=0.0),
    dict(
        type='Normalize',
        mean=[102.9801, 115.9465, 122.7717],
        std=[1.0, 1.0, 1.0],
        to_rgb=False),
    dict(type='DefaultFormatBundle'),
    dict(type='Collect', keys=['img'])
]
test_pipeline = [
    dict(type='LoadImageFromFile'),
    dict(
        type='MultiScaleFlipAug',
        img_scale=(1280, 768),
        flip=False,
        transforms=[
            dict(type='Resize', keep_ratio=False),
            dict(type='RandomFlip'),
            dict(
                type='Normalize',
                mean=[102.9801, 115.9465, 122.7717],
                std=[1.0, 1.0, 1.0],
                to_rgb=False),
            dict(type='Pad', size_divisor=32),
            dict(type='ImageToTensor', keys=['img']),
            dict(type='Collect', keys=['img'])
        ])
]
data = dict(
    imgs_per_gpu=4,
    workers_per_gpu=5,
    train=dict(
        type='CocoSegDataset',
        ann_file='data/coco/annotations/instances_train2017.json',
        img_prefix='data/coco/train2017/',
        pipeline=[
            dict(type='LoadImageFromFile'),
            dict(
                type='LoadAnnotations',
                with_bbox=True,
                with_mask=True,
                with_label=True),
            dict(type='Resize', img_scale=(1280, 768), keep_ratio=False),
            dict(type='RandomFlip', flip_ratio=0.5),
            dict(
                type='Normalize',
                mean=[102.9801, 115.9465, 122.7717],
                std=[1.0, 1.0, 1.0],
                to_rgb=False),
            dict(type='DefaultFormatBundle'),
            dict(
                type='Collect',
                keys=['img', 'gt_bboxes', 'gt_labels', 'gt_masks'])
        ]),
    val=dict(
        type='CocoSegDataset',
        ann_file='data/coco/annotations/instances_val2017.json',
        img_prefix='data/coco/val2017/',
        pipeline=[
            dict(type='LoadImageFromFile'),
            dict(
                type='MultiScaleFlipAug',
                img_scale=(1280, 768),
                flip=False,
                transforms=[
                    dict(type='Resize', keep_ratio=False),
                    dict(type='RandomFlip'),
                    dict(
                        type='Normalize',
                        mean=[102.9801, 115.9465, 122.7717],
                        std=[1.0, 1.0, 1.0],
                        to_rgb=False),
                    dict(type='Pad', size_divisor=32),
                    dict(type='ImageToTensor', keys=['img']),
                    dict(type='Collect', keys=['img'])
                ])
        ]),
    test=dict(
        type='CocoSegDataset',
        ann_file='data/coco/annotations/instances_val2017.json',
        img_prefix='data/coco/val2017/',
        pipeline=[
            dict(type='LoadImageFromFile'),
            dict(
                type='MultiScaleFlipAug',
                img_scale=(1280, 768),
                flip=False,
                transforms=[
                    dict(type='Resize', keep_ratio=False),
                    dict(type='RandomFlip'),
                    dict(
                        type='Normalize',
                        mean=[102.9801, 115.9465, 122.7717],
                        std=[1.0, 1.0, 1.0],
                        to_rgb=False),
                    dict(type='Pad', size_divisor=32),
                    dict(type='ImageToTensor', keys=['img']),
                    dict(type='Collect', keys=['img'])
                ])
        ]))
optimizer = dict(
    type='SGD',
    lr=0.01,
    momentum=0.9,
    weight_decay=0.0001,
    paramwise_cfg=dict(bias_lr_mult=2.0, bias_decay_mult=0.0))
optimizer_config = dict(grad_clip=dict(max_norm=35, norm_type=2))
lr_config = dict(
    policy='step',
    warmup='linear',
    warmup_iters=500,
    warmup_ratio=0.3333333333333333,
    step=[8, 11])
runner = dict(type='EpochBasedRunner', max_epochs=1)
checkpoint_config = dict(interval=1)
log_config = dict(interval=10, hooks=[dict(type='TextLoggerHook')])
dist_params = dict(backend='nccl')
log_level = 'INFO'
load_from = None
resume_from = None
workflow = [('train', 1)]
work_dir = './work_dirs/polar_768_1x_r50_coco'
auto_resume = False
gpu_ids = [0]

2023-03-10 13:17:59,501 - mmdet - INFO - Set random seed to 1144604717, deterministic: False
2023-03-10 13:17:59,682 - mmdet - INFO - initialize ResNet with init_cfg {'type': 'Pretrained', 'checkpoint': 'torchvision://resnet50'}
2023-03-10 13:17:59,739 - mmdet - INFO - initialize FPN with init_cfg {'type': 'Xavier', 'layer': 'Conv2d', 'distribution': 'uniform'}
Name of parameter - Initialization information

backbone.conv1.weight - torch.Size([64, 3, 7, 7]): 
PretrainedInit: load from torchvision://resnet50 

backbone.bn1.weight - torch.Size([64]): 
PretrainedInit: load from torchvision://resnet50 

backbone.bn1.bias - torch.Size([64]): 
PretrainedInit: load from torchvision://resnet50 

backbone.layer1.0.conv1.weight - torch.Size([64, 64, 1, 1]): 
PretrainedInit: load from torchvision://resnet50 

backbone.layer1.0.bn1.weight - torch.Size([64]): 
PretrainedInit: load from torchvision://resnet50 

backbone.layer1.0.bn1.bias - torch.Size([64]): 
PretrainedInit: load from torchvision://resnet50 

backbone.layer1.0.conv2.weight - torch.Size([64, 64, 3, 3]): 
PretrainedInit: load from torchvision://resnet50 

backbone.layer1.0.bn2.weight - torch.Size([64]): 
PretrainedInit: load from torchvision://resnet50 

backbone.layer1.0.bn2.bias - torch.Size([64]): 
PretrainedInit: load from torchvision://resnet50 

backbone.layer1.0.conv3.weight - torch.Size([256, 64, 1, 1]): 
PretrainedInit: load from torchvision://resnet50 

backbone.layer1.0.bn3.weight - torch.Size([256]): 
PretrainedInit: load from torchvision://resnet50 

backbone.layer1.0.bn3.bias - torch.Size([256]): 
PretrainedInit: load from torchvision://resnet50 

backbone.layer1.0.downsample.0.weight - torch.Size([256, 64, 1, 1]): 
PretrainedInit: load from torchvision://resnet50 

backbone.layer1.0.downsample.1.weight - torch.Size([256]): 
PretrainedInit: load from torchvision://resnet50 

backbone.layer1.0.downsample.1.bias - torch.Size([256]): 
PretrainedInit: load from torchvision://resnet50 

backbone.layer1.1.conv1.weight - torch.Size([64, 256, 1, 1]): 
PretrainedInit: load from torchvision://resnet50 

backbone.layer1.1.bn1.weight - torch.Size([64]): 
PretrainedInit: load from torchvision://resnet50 

backbone.layer1.1.bn1.bias - torch.Size([64]): 
PretrainedInit: load from torchvision://resnet50 

backbone.layer1.1.conv2.weight - torch.Size([64, 64, 3, 3]): 
PretrainedInit: load from torchvision://resnet50 

backbone.layer1.1.bn2.weight - torch.Size([64]): 
PretrainedInit: load from torchvision://resnet50 

backbone.layer1.1.bn2.bias - torch.Size([64]): 
PretrainedInit: load from torchvision://resnet50 

backbone.layer1.1.conv3.weight - torch.Size([256, 64, 1, 1]): 
PretrainedInit: load from torchvision://resnet50 

backbone.layer1.1.bn3.weight - torch.Size([256]): 
PretrainedInit: load from torchvision://resnet50 

backbone.layer1.1.bn3.bias - torch.Size([256]): 
PretrainedInit: load from torchvision://resnet50 

backbone.layer1.2.conv1.weight - torch.Size([64, 256, 1, 1]): 
PretrainedInit: load from torchvision://resnet50 

backbone.layer1.2.bn1.weight - torch.Size([64]): 
PretrainedInit: load from torchvision://resnet50 

backbone.layer1.2.bn1.bias - torch.Size([64]): 
PretrainedInit: load from torchvision://resnet50 

backbone.layer1.2.conv2.weight - torch.Size([64, 64, 3, 3]): 
PretrainedInit: load from torchvision://resnet50 

backbone.layer1.2.bn2.weight - torch.Size([64]): 
PretrainedInit: load from torchvision://resnet50 

backbone.layer1.2.bn2.bias - torch.Size([64]): 
PretrainedInit: load from torchvision://resnet50 

backbone.layer1.2.conv3.weight - torch.Size([256, 64, 1, 1]): 
PretrainedInit: load from torchvision://resnet50 

backbone.layer1.2.bn3.weight - torch.Size([256]): 
PretrainedInit: load from torchvision://resnet50 

backbone.layer1.2.bn3.bias - torch.Size([256]): 
PretrainedInit: load from torchvision://resnet50 

backbone.layer2.0.conv1.weight - torch.Size([128, 256, 1, 1]): 
PretrainedInit: load from torchvision://resnet50 

backbone.layer2.0.bn1.weight - torch.Size([128]): 
PretrainedInit: load from torchvision://resnet50 

backbone.layer2.0.bn1.bias - torch.Size([128]): 
PretrainedInit: load from torchvision://resnet50 

backbone.layer2.0.conv2.weight - torch.Size([128, 128, 3, 3]): 
PretrainedInit: load from torchvision://resnet50 

backbone.layer2.0.bn2.weight - torch.Size([128]): 
PretrainedInit: load from torchvision://resnet50 

backbone.layer2.0.bn2.bias - torch.Size([128]): 
PretrainedInit: load from torchvision://resnet50 

backbone.layer2.0.conv3.weight - torch.Size([512, 128, 1, 1]): 
PretrainedInit: load from torchvision://resnet50 

backbone.layer2.0.bn3.weight - torch.Size([512]): 
PretrainedInit: load from torchvision://resnet50 

backbone.layer2.0.bn3.bias - torch.Size([512]): 
PretrainedInit: load from torchvision://resnet50 

backbone.layer2.0.downsample.0.weight - torch.Size([512, 256, 1, 1]): 
PretrainedInit: load from torchvision://resnet50 

backbone.layer2.0.downsample.1.weight - torch.Size([512]): 
PretrainedInit: load from torchvision://resnet50 

backbone.layer2.0.downsample.1.bias - torch.Size([512]): 
PretrainedInit: load from torchvision://resnet50 

backbone.layer2.1.conv1.weight - torch.Size([128, 512, 1, 1]): 
PretrainedInit: load from torchvision://resnet50 

backbone.layer2.1.bn1.weight - torch.Size([128]): 
PretrainedInit: load from torchvision://resnet50 

backbone.layer2.1.bn1.bias - torch.Size([128]): 
PretrainedInit: load from torchvision://resnet50 

backbone.layer2.1.conv2.weight - torch.Size([128, 128, 3, 3]): 
PretrainedInit: load from torchvision://resnet50 

backbone.layer2.1.bn2.weight - torch.Size([128]): 
PretrainedInit: load from torchvision://resnet50 

backbone.layer2.1.bn2.bias - torch.Size([128]): 
PretrainedInit: load from torchvision://resnet50 

backbone.layer2.1.conv3.weight - torch.Size([512, 128, 1, 1]): 
PretrainedInit: load from torchvision://resnet50 

backbone.layer2.1.bn3.weight - torch.Size([512]): 
PretrainedInit: load from torchvision://resnet50 

backbone.layer2.1.bn3.bias - torch.Size([512]): 
PretrainedInit: load from torchvision://resnet50 

backbone.layer2.2.conv1.weight - torch.Size([128, 512, 1, 1]): 
PretrainedInit: load from torchvision://resnet50 

backbone.layer2.2.bn1.weight - torch.Size([128]): 
PretrainedInit: load from torchvision://resnet50 

backbone.layer2.2.bn1.bias - torch.Size([128]): 
PretrainedInit: load from torchvision://resnet50 

backbone.layer2.2.conv2.weight - torch.Size([128, 128, 3, 3]): 
PretrainedInit: load from torchvision://resnet50 

backbone.layer2.2.bn2.weight - torch.Size([128]): 
PretrainedInit: load from torchvision://resnet50 

backbone.layer2.2.bn2.bias - torch.Size([128]): 
PretrainedInit: load from torchvision://resnet50 

backbone.layer2.2.conv3.weight - torch.Size([512, 128, 1, 1]): 
PretrainedInit: load from torchvision://resnet50 

backbone.layer2.2.bn3.weight - torch.Size([512]): 
PretrainedInit: load from torchvision://resnet50 

backbone.layer2.2.bn3.bias - torch.Size([512]): 
PretrainedInit: load from torchvision://resnet50 

backbone.layer2.3.conv1.weight - torch.Size([128, 512, 1, 1]): 
PretrainedInit: load from torchvision://resnet50 

backbone.layer2.3.bn1.weight - torch.Size([128]): 
PretrainedInit: load from torchvision://resnet50 

backbone.layer2.3.bn1.bias - torch.Size([128]): 
PretrainedInit: load from torchvision://resnet50 

backbone.layer2.3.conv2.weight - torch.Size([128, 128, 3, 3]): 
PretrainedInit: load from torchvision://resnet50 

backbone.layer2.3.bn2.weight - torch.Size([128]): 
PretrainedInit: load from torchvision://resnet50 

backbone.layer2.3.bn2.bias - torch.Size([128]): 
PretrainedInit: load from torchvision://resnet50 

backbone.layer2.3.conv3.weight - torch.Size([512, 128, 1, 1]): 
PretrainedInit: load from torchvision://resnet50 

backbone.layer2.3.bn3.weight - torch.Size([512]): 
PretrainedInit: load from torchvision://resnet50 

backbone.layer2.3.bn3.bias - torch.Size([512]): 
PretrainedInit: load from torchvision://resnet50 

backbone.layer3.0.conv1.weight - torch.Size([256, 512, 1, 1]): 
PretrainedInit: load from torchvision://resnet50 

backbone.layer3.0.bn1.weight - torch.Size([256]): 
PretrainedInit: load from torchvision://resnet50 

backbone.layer3.0.bn1.bias - torch.Size([256]): 
PretrainedInit: load from torchvision://resnet50 

backbone.layer3.0.conv2.weight - torch.Size([256, 256, 3, 3]): 
PretrainedInit: load from torchvision://resnet50 

backbone.layer3.0.bn2.weight - torch.Size([256]): 
PretrainedInit: load from torchvision://resnet50 

backbone.layer3.0.bn2.bias - torch.Size([256]): 
PretrainedInit: load from torchvision://resnet50 

backbone.layer3.0.conv3.weight - torch.Size([1024, 256, 1, 1]): 
PretrainedInit: load from torchvision://resnet50 

backbone.layer3.0.bn3.weight - torch.Size([1024]): 
PretrainedInit: load from torchvision://resnet50 

backbone.layer3.0.bn3.bias - torch.Size([1024]): 
PretrainedInit: load from torchvision://resnet50 

backbone.layer3.0.downsample.0.weight - torch.Size([1024, 512, 1, 1]): 
PretrainedInit: load from torchvision://resnet50 

backbone.layer3.0.downsample.1.weight - torch.Size([1024]): 
PretrainedInit: load from torchvision://resnet50 

backbone.layer3.0.downsample.1.bias - torch.Size([1024]): 
PretrainedInit: load from torchvision://resnet50 

backbone.layer3.1.conv1.weight - torch.Size([256, 1024, 1, 1]): 
PretrainedInit: load from torchvision://resnet50 

backbone.layer3.1.bn1.weight - torch.Size([256]): 
PretrainedInit: load from torchvision://resnet50 

backbone.layer3.1.bn1.bias - torch.Size([256]): 
PretrainedInit: load from torchvision://resnet50 

backbone.layer3.1.conv2.weight - torch.Size([256, 256, 3, 3]): 
PretrainedInit: load from torchvision://resnet50 

backbone.layer3.1.bn2.weight - torch.Size([256]): 
PretrainedInit: load from torchvision://resnet50 

backbone.layer3.1.bn2.bias - torch.Size([256]): 
PretrainedInit: load from torchvision://resnet50 

backbone.layer3.1.conv3.weight - torch.Size([1024, 256, 1, 1]): 
PretrainedInit: load from torchvision://resnet50 

backbone.layer3.1.bn3.weight - torch.Size([1024]): 
PretrainedInit: load from torchvision://resnet50 

backbone.layer3.1.bn3.bias - torch.Size([1024]): 
PretrainedInit: load from torchvision://resnet50 

backbone.layer3.2.conv1.weight - torch.Size([256, 1024, 1, 1]): 
PretrainedInit: load from torchvision://resnet50 

backbone.layer3.2.bn1.weight - torch.Size([256]): 
PretrainedInit: load from torchvision://resnet50 

backbone.layer3.2.bn1.bias - torch.Size([256]): 
PretrainedInit: load from torchvision://resnet50 

backbone.layer3.2.conv2.weight - torch.Size([256, 256, 3, 3]): 
PretrainedInit: load from torchvision://resnet50 

backbone.layer3.2.bn2.weight - torch.Size([256]): 
PretrainedInit: load from torchvision://resnet50 

backbone.layer3.2.bn2.bias - torch.Size([256]): 
PretrainedInit: load from torchvision://resnet50 

backbone.layer3.2.conv3.weight - torch.Size([1024, 256, 1, 1]): 
PretrainedInit: load from torchvision://resnet50 

backbone.layer3.2.bn3.weight - torch.Size([1024]): 
PretrainedInit: load from torchvision://resnet50 

backbone.layer3.2.bn3.bias - torch.Size([1024]): 
PretrainedInit: load from torchvision://resnet50 

backbone.layer3.3.conv1.weight - torch.Size([256, 1024, 1, 1]): 
PretrainedInit: load from torchvision://resnet50 

backbone.layer3.3.bn1.weight - torch.Size([256]): 
PretrainedInit: load from torchvision://resnet50 

backbone.layer3.3.bn1.bias - torch.Size([256]): 
PretrainedInit: load from torchvision://resnet50 

backbone.layer3.3.conv2.weight - torch.Size([256, 256, 3, 3]): 
PretrainedInit: load from torchvision://resnet50 

backbone.layer3.3.bn2.weight - torch.Size([256]): 
PretrainedInit: load from torchvision://resnet50 

backbone.layer3.3.bn2.bias - torch.Size([256]): 
PretrainedInit: load from torchvision://resnet50 

backbone.layer3.3.conv3.weight - torch.Size([1024, 256, 1, 1]): 
PretrainedInit: load from torchvision://resnet50 

backbone.layer3.3.bn3.weight - torch.Size([1024]): 
PretrainedInit: load from torchvision://resnet50 

backbone.layer3.3.bn3.bias - torch.Size([1024]): 
PretrainedInit: load from torchvision://resnet50 

backbone.layer3.4.conv1.weight - torch.Size([256, 1024, 1, 1]): 
PretrainedInit: load from torchvision://resnet50 

backbone.layer3.4.bn1.weight - torch.Size([256]): 
PretrainedInit: load from torchvision://resnet50 

backbone.layer3.4.bn1.bias - torch.Size([256]): 
PretrainedInit: load from torchvision://resnet50 

backbone.layer3.4.conv2.weight - torch.Size([256, 256, 3, 3]): 
PretrainedInit: load from torchvision://resnet50 

backbone.layer3.4.bn2.weight - torch.Size([256]): 
PretrainedInit: load from torchvision://resnet50 

backbone.layer3.4.bn2.bias - torch.Size([256]): 
PretrainedInit: load from torchvision://resnet50 

backbone.layer3.4.conv3.weight - torch.Size([1024, 256, 1, 1]): 
PretrainedInit: load from torchvision://resnet50 

backbone.layer3.4.bn3.weight - torch.Size([1024]): 
PretrainedInit: load from torchvision://resnet50 

backbone.layer3.4.bn3.bias - torch.Size([1024]): 
PretrainedInit: load from torchvision://resnet50 

backbone.layer3.5.conv1.weight - torch.Size([256, 1024, 1, 1]): 
PretrainedInit: load from torchvision://resnet50 

backbone.layer3.5.bn1.weight - torch.Size([256]): 
PretrainedInit: load from torchvision://resnet50 

backbone.layer3.5.bn1.bias - torch.Size([256]): 
PretrainedInit: load from torchvision://resnet50 

backbone.layer3.5.conv2.weight - torch.Size([256, 256, 3, 3]): 
PretrainedInit: load from torchvision://resnet50 

backbone.layer3.5.bn2.weight - torch.Size([256]): 
PretrainedInit: load from torchvision://resnet50 

backbone.layer3.5.bn2.bias - torch.Size([256]): 
PretrainedInit: load from torchvision://resnet50 

backbone.layer3.5.conv3.weight - torch.Size([1024, 256, 1, 1]): 
PretrainedInit: load from torchvision://resnet50 

backbone.layer3.5.bn3.weight - torch.Size([1024]): 
PretrainedInit: load from torchvision://resnet50 

backbone.layer3.5.bn3.bias - torch.Size([1024]): 
PretrainedInit: load from torchvision://resnet50 

backbone.layer4.0.conv1.weight - torch.Size([512, 1024, 1, 1]): 
PretrainedInit: load from torchvision://resnet50 

backbone.layer4.0.bn1.weight - torch.Size([512]): 
PretrainedInit: load from torchvision://resnet50 

backbone.layer4.0.bn1.bias - torch.Size([512]): 
PretrainedInit: load from torchvision://resnet50 

backbone.layer4.0.conv2.weight - torch.Size([512, 512, 3, 3]): 
PretrainedInit: load from torchvision://resnet50 

backbone.layer4.0.bn2.weight - torch.Size([512]): 
PretrainedInit: load from torchvision://resnet50 

backbone.layer4.0.bn2.bias - torch.Size([512]): 
PretrainedInit: load from torchvision://resnet50 

backbone.layer4.0.conv3.weight - torch.Size([2048, 512, 1, 1]): 
PretrainedInit: load from torchvision://resnet50 

backbone.layer4.0.bn3.weight - torch.Size([2048]): 
PretrainedInit: load from torchvision://resnet50 

backbone.layer4.0.bn3.bias - torch.Size([2048]): 
PretrainedInit: load from torchvision://resnet50 

backbone.layer4.0.downsample.0.weight - torch.Size([2048, 1024, 1, 1]): 
PretrainedInit: load from torchvision://resnet50 

backbone.layer4.0.downsample.1.weight - torch.Size([2048]): 
PretrainedInit: load from torchvision://resnet50 

backbone.layer4.0.downsample.1.bias - torch.Size([2048]): 
PretrainedInit: load from torchvision://resnet50 

backbone.layer4.1.conv1.weight - torch.Size([512, 2048, 1, 1]): 
PretrainedInit: load from torchvision://resnet50 

backbone.layer4.1.bn1.weight - torch.Size([512]): 
PretrainedInit: load from torchvision://resnet50 

backbone.layer4.1.bn1.bias - torch.Size([512]): 
PretrainedInit: load from torchvision://resnet50 

backbone.layer4.1.conv2.weight - torch.Size([512, 512, 3, 3]): 
PretrainedInit: load from torchvision://resnet50 

backbone.layer4.1.bn2.weight - torch.Size([512]): 
PretrainedInit: load from torchvision://resnet50 

backbone.layer4.1.bn2.bias - torch.Size([512]): 
PretrainedInit: load from torchvision://resnet50 

backbone.layer4.1.conv3.weight - torch.Size([2048, 512, 1, 1]): 
PretrainedInit: load from torchvision://resnet50 

backbone.layer4.1.bn3.weight - torch.Size([2048]): 
PretrainedInit: load from torchvision://resnet50 

backbone.layer4.1.bn3.bias - torch.Size([2048]): 
PretrainedInit: load from torchvision://resnet50 

backbone.layer4.2.conv1.weight - torch.Size([512, 2048, 1, 1]): 
PretrainedInit: load from torchvision://resnet50 

backbone.layer4.2.bn1.weight - torch.Size([512]): 
PretrainedInit: load from torchvision://resnet50 

backbone.layer4.2.bn1.bias - torch.Size([512]): 
PretrainedInit: load from torchvision://resnet50 

backbone.layer4.2.conv2.weight - torch.Size([512, 512, 3, 3]): 
PretrainedInit: load from torchvision://resnet50 

backbone.layer4.2.bn2.weight - torch.Size([512]): 
PretrainedInit: load from torchvision://resnet50 

backbone.layer4.2.bn2.bias - torch.Size([512]): 
PretrainedInit: load from torchvision://resnet50 

backbone.layer4.2.conv3.weight - torch.Size([2048, 512, 1, 1]): 
PretrainedInit: load from torchvision://resnet50 

backbone.layer4.2.bn3.weight - torch.Size([2048]): 
PretrainedInit: load from torchvision://resnet50 

backbone.layer4.2.bn3.bias - torch.Size([2048]): 
PretrainedInit: load from torchvision://resnet50 

neck.lateral_convs.0.conv.weight - torch.Size([256, 512, 1, 1]): 
XavierInit: gain=1, distribution=uniform, bias=0 

neck.lateral_convs.0.conv.bias - torch.Size([256]): 
The value is the same before and after calling `init_weights` of PolarMask  

neck.lateral_convs.1.conv.weight - torch.Size([256, 1024, 1, 1]): 
XavierInit: gain=1, distribution=uniform, bias=0 

neck.lateral_convs.1.conv.bias - torch.Size([256]): 
The value is the same before and after calling `init_weights` of PolarMask  

neck.lateral_convs.2.conv.weight - torch.Size([256, 2048, 1, 1]): 
XavierInit: gain=1, distribution=uniform, bias=0 

neck.lateral_convs.2.conv.bias - torch.Size([256]): 
The value is the same before and after calling `init_weights` of PolarMask  

neck.fpn_convs.0.conv.weight - torch.Size([256, 256, 3, 3]): 
XavierInit: gain=1, distribution=uniform, bias=0 

neck.fpn_convs.0.conv.bias - torch.Size([256]): 
The value is the same before and after calling `init_weights` of PolarMask  

neck.fpn_convs.1.conv.weight - torch.Size([256, 256, 3, 3]): 
XavierInit: gain=1, distribution=uniform, bias=0 

neck.fpn_convs.1.conv.bias - torch.Size([256]): 
The value is the same before and after calling `init_weights` of PolarMask  

neck.fpn_convs.2.conv.weight - torch.Size([256, 256, 3, 3]): 
XavierInit: gain=1, distribution=uniform, bias=0 

neck.fpn_convs.2.conv.bias - torch.Size([256]): 
The value is the same before and after calling `init_weights` of PolarMask  

neck.fpn_convs.3.conv.weight - torch.Size([256, 256, 3, 3]): 
XavierInit: gain=1, distribution=uniform, bias=0 

neck.fpn_convs.3.conv.bias - torch.Size([256]): 
The value is the same before and after calling `init_weights` of PolarMask  

neck.fpn_convs.4.conv.weight - torch.Size([256, 256, 3, 3]): 
XavierInit: gain=1, distribution=uniform, bias=0 

neck.fpn_convs.4.conv.bias - torch.Size([256]): 
The value is the same before and after calling `init_weights` of PolarMask  

bbox_head.cls_convs.0.conv.weight - torch.Size([256, 256, 3, 3]): 
Initialized by user-defined `init_weights` in PolarMask_Head  

bbox_head.cls_convs.0.gn.weight - torch.Size([256]): 
The value is the same before and after calling `init_weights` of PolarMask  

bbox_head.cls_convs.0.gn.bias - torch.Size([256]): 
The value is the same before and after calling `init_weights` of PolarMask  

bbox_head.cls_convs.1.conv.weight - torch.Size([256, 256, 3, 3]): 
Initialized by user-defined `init_weights` in PolarMask_Head  

bbox_head.cls_convs.1.gn.weight - torch.Size([256]): 
The value is the same before and after calling `init_weights` of PolarMask  

bbox_head.cls_convs.1.gn.bias - torch.Size([256]): 
The value is the same before and after calling `init_weights` of PolarMask  

bbox_head.cls_convs.2.conv.weight - torch.Size([256, 256, 3, 3]): 
Initialized by user-defined `init_weights` in PolarMask_Head  

bbox_head.cls_convs.2.gn.weight - torch.Size([256]): 
The value is the same before and after calling `init_weights` of PolarMask  

bbox_head.cls_convs.2.gn.bias - torch.Size([256]): 
The value is the same before and after calling `init_weights` of PolarMask  

bbox_head.cls_convs.3.conv.weight - torch.Size([256, 256, 3, 3]): 
Initialized by user-defined `init_weights` in PolarMask_Head  

bbox_head.cls_convs.3.gn.weight - torch.Size([256]): 
The value is the same before and after calling `init_weights` of PolarMask  

bbox_head.cls_convs.3.gn.bias - torch.Size([256]): 
The value is the same before and after calling `init_weights` of PolarMask  

bbox_head.reg_convs.0.conv.weight - torch.Size([256, 256, 3, 3]): 
Initialized by user-defined `init_weights` in PolarMask_Head  

bbox_head.reg_convs.0.gn.weight - torch.Size([256]): 
The value is the same before and after calling `init_weights` of PolarMask  

bbox_head.reg_convs.0.gn.bias - torch.Size([256]): 
The value is the same before and after calling `init_weights` of PolarMask  

bbox_head.reg_convs.1.conv.weight - torch.Size([256, 256, 3, 3]): 
Initialized by user-defined `init_weights` in PolarMask_Head  

bbox_head.reg_convs.1.gn.weight - torch.Size([256]): 
The value is the same before and after calling `init_weights` of PolarMask  

bbox_head.reg_convs.1.gn.bias - torch.Size([256]): 
The value is the same before and after calling `init_weights` of PolarMask  

bbox_head.reg_convs.2.conv.weight - torch.Size([256, 256, 3, 3]): 
Initialized by user-defined `init_weights` in PolarMask_Head  

bbox_head.reg_convs.2.gn.weight - torch.Size([256]): 
The value is the same before and after calling `init_weights` of PolarMask  

bbox_head.reg_convs.2.gn.bias - torch.Size([256]): 
The value is the same before and after calling `init_weights` of PolarMask  

bbox_head.reg_convs.3.conv.weight - torch.Size([256, 256, 3, 3]): 
Initialized by user-defined `init_weights` in PolarMask_Head  

bbox_head.reg_convs.3.gn.weight - torch.Size([256]): 
The value is the same before and after calling `init_weights` of PolarMask  

bbox_head.reg_convs.3.gn.bias - torch.Size([256]): 
The value is the same before and after calling `init_weights` of PolarMask  

bbox_head.mask_convs.0.conv.weight - torch.Size([256, 256, 3, 3]): 
Initialized by user-defined `init_weights` in PolarMask_Head  

bbox_head.mask_convs.0.gn.weight - torch.Size([256]): 
The value is the same before and after calling `init_weights` of PolarMask  

bbox_head.mask_convs.0.gn.bias - torch.Size([256]): 
The value is the same before and after calling `init_weights` of PolarMask  

bbox_head.mask_convs.1.conv.weight - torch.Size([256, 256, 3, 3]): 
Initialized by user-defined `init_weights` in PolarMask_Head  

bbox_head.mask_convs.1.gn.weight - torch.Size([256]): 
The value is the same before and after calling `init_weights` of PolarMask  

bbox_head.mask_convs.1.gn.bias - torch.Size([256]): 
The value is the same before and after calling `init_weights` of PolarMask  

bbox_head.mask_convs.2.conv.weight - torch.Size([256, 256, 3, 3]): 
Initialized by user-defined `init_weights` in PolarMask_Head  

bbox_head.mask_convs.2.gn.weight - torch.Size([256]): 
The value is the same before and after calling `init_weights` of PolarMask  

bbox_head.mask_convs.2.gn.bias - torch.Size([256]): 
The value is the same before and after calling `init_weights` of PolarMask  

bbox_head.mask_convs.3.conv.weight - torch.Size([256, 256, 3, 3]): 
Initialized by user-defined `init_weights` in PolarMask_Head  

bbox_head.mask_convs.3.gn.weight - torch.Size([256]): 
The value is the same before and after calling `init_weights` of PolarMask  

bbox_head.mask_convs.3.gn.bias - torch.Size([256]): 
The value is the same before and after calling `init_weights` of PolarMask  

bbox_head.polar_cls.weight - torch.Size([3, 256, 3, 3]): 
Initialized by user-defined `init_weights` in PolarMask_Head  

bbox_head.polar_cls.bias - torch.Size([3]): 
Initialized by user-defined `init_weights` in PolarMask_Head  

bbox_head.polar_reg.weight - torch.Size([4, 256, 3, 3]): 
Initialized by user-defined `init_weights` in PolarMask_Head  

bbox_head.polar_reg.bias - torch.Size([4]): 
Initialized by user-defined `init_weights` in PolarMask_Head  

bbox_head.polar_mask.weight - torch.Size([36, 256, 3, 3]): 
Initialized by user-defined `init_weights` in PolarMask_Head  

bbox_head.polar_mask.bias - torch.Size([36]): 
Initialized by user-defined `init_weights` in PolarMask_Head  

bbox_head.polar_centerness.weight - torch.Size([1, 256, 3, 3]): 
Initialized by user-defined `init_weights` in PolarMask_Head  

bbox_head.polar_centerness.bias - torch.Size([1]): 
Initialized by user-defined `init_weights` in PolarMask_Head  

bbox_head.scales_bbox.0.scale - torch.Size([]): 
The value is the same before and after calling `init_weights` of PolarMask  

bbox_head.scales_bbox.1.scale - torch.Size([]): 
The value is the same before and after calling `init_weights` of PolarMask  

bbox_head.scales_bbox.2.scale - torch.Size([]): 
The value is the same before and after calling `init_weights` of PolarMask  

bbox_head.scales_bbox.3.scale - torch.Size([]): 
The value is the same before and after calling `init_weights` of PolarMask  

bbox_head.scales_bbox.4.scale - torch.Size([]): 
The value is the same before and after calling `init_weights` of PolarMask  

bbox_head.scales_mask.0.scale - torch.Size([]): 
The value is the same before and after calling `init_weights` of PolarMask  

bbox_head.scales_mask.1.scale - torch.Size([]): 
The value is the same before and after calling `init_weights` of PolarMask  

bbox_head.scales_mask.2.scale - torch.Size([]): 
The value is the same before and after calling `init_weights` of PolarMask  

bbox_head.scales_mask.3.scale - torch.Size([]): 
The value is the same before and after calling `init_weights` of PolarMask  

bbox_head.scales_mask.4.scale - torch.Size([]): 
The value is the same before and after calling `init_weights` of PolarMask  
2023-03-10 13:18:01,661 - mmdet - INFO - Automatic scaling of learning rate (LR) has been disabled.
2023-03-10 13:18:02,279 - mmdet - INFO - Start running, host: ali@Ohm, work_dir: /home/ali/mmdetection/work_dirs/polar_768_1x_r50_coco
2023-03-10 13:18:02,279 - mmdet - INFO - Hooks will be executed in the following order:
before_run:
(VERY_HIGH   ) StepLrUpdaterHook                  
(NORMAL      ) CheckpointHook                     
(LOW         ) EvalHook                           
(VERY_LOW    ) TextLoggerHook                     
 -------------------- 
before_train_epoch:
(VERY_HIGH   ) StepLrUpdaterHook                  
(LOW         ) IterTimerHook                      
(LOW         ) EvalHook                           
(VERY_LOW    ) TextLoggerHook                     
 -------------------- 
before_train_iter:
(VERY_HIGH   ) StepLrUpdaterHook                  
(LOW         ) IterTimerHook                      
(LOW         ) EvalHook                           
 -------------------- 
after_train_iter:
(ABOVE_NORMAL) OptimizerHook                      
(NORMAL      ) CheckpointHook                     
(LOW         ) IterTimerHook                      
(LOW         ) EvalHook                           
(VERY_LOW    ) TextLoggerHook                     
 -------------------- 
after_train_epoch:
(NORMAL      ) CheckpointHook                     
(LOW         ) EvalHook                           
(VERY_LOW    ) TextLoggerHook                     
 -------------------- 
before_val_epoch:
(LOW         ) IterTimerHook                      
(VERY_LOW    ) TextLoggerHook                     
 -------------------- 
before_val_iter:
(LOW         ) IterTimerHook                      
 -------------------- 
after_val_iter:
(LOW         ) IterTimerHook                      
 -------------------- 
after_val_epoch:
(VERY_LOW    ) TextLoggerHook                     
 -------------------- 
after_run:
(VERY_LOW    ) TextLoggerHook                     
 -------------------- 
2023-03-10 13:18:02,279 - mmdet - INFO - workflow: [('train', 1)], max: 1 epochs
2023-03-10 13:18:02,279 - mmdet - INFO - Checkpoints will be saved to /home/ali/mmdetection/work_dirs/polar_768_1x_r50_coco by HardDiskBackend.
2023-03-10 13:18:08,218 - mmdet - INFO - Epoch [1][10/989]	lr: 3.453e-03, eta: 0:09:41, time: 0.594, data_time: 0.252, memory: 6174, loss_cls: 2861.9732, loss_bbox: 0.0000, loss_mask: 0.0000, loss_centerness: 0.0000, loss: 2861.9732, grad_norm: 37878.5037
2023-03-10 13:18:11,294 - mmdet - INFO - Epoch [1][20/989]	lr: 3.587e-03, eta: 0:07:16, time: 0.308, data_time: 0.020, memory: 6174, loss_cls: 0.0002, loss_bbox: 0.0000, loss_mask: 0.0000, loss_centerness: 0.0000, loss: 0.0002, grad_norm: 0.0194
2023-03-10 13:18:14,372 - mmdet - INFO - Epoch [1][30/989]	lr: 3.720e-03, eta: 0:06:26, time: 0.308, data_time: 0.020, memory: 6174, loss_cls: 0.0000, loss_bbox: 0.0000, loss_mask: 0.0000, loss_centerness: 0.0000, loss: 0.0000, grad_norm: 0.0022
2023-03-10 13:18:17,466 - mmdet - INFO - Epoch [1][40/989]	lr: 3.853e-03, eta: 0:06:00, time: 0.309, data_time: 0.020, memory: 6174, loss_cls: 0.0000, loss_bbox: 0.0000, loss_mask: 0.0000, loss_centerness: 0.0000, loss: 0.0000, grad_norm: 0.0010
2023-03-10 13:18:20,571 - mmdet - INFO - Epoch [1][50/989]	lr: 3.987e-03, eta: 0:05:43, time: 0.310, data_time: 0.020, memory: 6174, loss_cls: 0.0000, loss_bbox: 0.0000, loss_mask: 0.0000, loss_centerness: 0.0000, loss: 0.0000, grad_norm: 0.0008
2023-03-10 13:18:23,675 - mmdet - INFO - Epoch [1][60/989]	lr: 4.120e-03, eta: 0:05:31, time: 0.310, data_time: 0.020, memory: 6174, loss_cls: 0.0000, loss_bbox: 0.0000, loss_mask: 0.0000, loss_centerness: 0.0000, loss: 0.0000, grad_norm: 0.0007
2023-03-10 13:18:26,776 - mmdet - INFO - Epoch [1][70/989]	lr: 4.253e-03, eta: 0:05:21, time: 0.310, data_time: 0.019, memory: 6174, loss_cls: 0.0000, loss_bbox: 0.0000, loss_mask: 0.0000, loss_centerness: 0.0000, loss: 0.0000, grad_norm: 0.0006
2023-03-10 13:18:29,883 - mmdet - INFO - Epoch [1][80/989]	lr: 4.387e-03, eta: 0:05:13, time: 0.311, data_time: 0.019, memory: 6174, loss_cls: 0.0000, loss_bbox: 0.0000, loss_mask: 0.0000, loss_centerness: 0.0000, loss: 0.0000, grad_norm: 0.0007
2023-03-10 13:18:32,987 - mmdet - INFO - Epoch [1][90/989]	lr: 4.520e-03, eta: 0:05:06, time: 0.310, data_time: 0.019, memory: 6174, loss_cls: 0.0000, loss_bbox: 0.0000, loss_mask: 0.0000, loss_centerness: 0.0000, loss: 0.0000, grad_norm: 0.0006
2023-03-10 13:18:36,099 - mmdet - INFO - Epoch [1][100/989]	lr: 4.653e-03, eta: 0:05:00, time: 0.311, data_time: 0.021, memory: 6174, loss_cls: 0.0000, loss_bbox: 0.0000, loss_mask: 0.0000, loss_centerness: 0.0000, loss: 0.0000, grad_norm: 0.0006
2023-03-10 13:18:39,224 - mmdet - INFO - Epoch [1][110/989]	lr: 4.787e-03, eta: 0:04:55, time: 0.312, data_time: 0.021, memory: 6174, loss_cls: 0.0000, loss_bbox: 0.0000, loss_mask: 0.0000, loss_centerness: 0.0000, loss: 0.0000, grad_norm: 0.0006
2023-03-10 13:18:42,349 - mmdet - INFO - Epoch [1][120/989]	lr: 4.920e-03, eta: 0:04:50, time: 0.313, data_time: 0.021, memory: 6174, loss_cls: 0.0000, loss_bbox: 0.0000, loss_mask: 0.0000, loss_centerness: 0.0000, loss: 0.0000, grad_norm: 0.0006
2023-03-10 13:18:45,460 - mmdet - INFO - Epoch [1][130/989]	lr: 5.053e-03, eta: 0:04:45, time: 0.311, data_time: 0.020, memory: 6174, loss_cls: 0.0000, loss_bbox: 0.0000, loss_mask: 0.0000, loss_centerness: 0.0000, loss: 0.0000, grad_norm: 0.0006
2023-03-10 13:18:48,559 - mmdet - INFO - Epoch [1][140/989]	lr: 5.187e-03, eta: 0:04:40, time: 0.310, data_time: 0.019, memory: 6174, loss_cls: 0.0000, loss_bbox: 0.0000, loss_mask: 0.0000, loss_centerness: 0.0000, loss: 0.0000, grad_norm: 0.0006
2023-03-10 13:18:51,687 - mmdet - INFO - Epoch [1][150/989]	lr: 5.320e-03, eta: 0:04:36, time: 0.313, data_time: 0.021, memory: 6174, loss_cls: 0.0000, loss_bbox: 0.0000, loss_mask: 0.0000, loss_centerness: 0.0000, loss: 0.0000, grad_norm: 0.0005
2023-03-10 13:18:54,819 - mmdet - INFO - Epoch [1][160/989]	lr: 5.453e-03, eta: 0:04:32, time: 0.313, data_time: 0.021, memory: 6174, loss_cls: 0.0000, loss_bbox: 0.0000, loss_mask: 0.0000, loss_centerness: 0.0000, loss: 0.0000, grad_norm: 0.0005
2023-03-10 13:18:57,945 - mmdet - INFO - Epoch [1][170/989]	lr: 5.587e-03, eta: 0:04:28, time: 0.313, data_time: 0.021, memory: 6174, loss_cls: 0.0000, loss_bbox: 0.0000, loss_mask: 0.0000, loss_centerness: 0.0000, loss: 0.0000, grad_norm: 0.0005
2023-03-10 13:19:01,067 - mmdet - INFO - Epoch [1][180/989]	lr: 5.720e-03, eta: 0:04:24, time: 0.312, data_time: 0.020, memory: 6174, loss_cls: 0.0000, loss_bbox: 0.0000, loss_mask: 0.0000, loss_centerness: 0.0000, loss: 0.0000, grad_norm: 0.0005
2023-03-10 13:19:04,200 - mmdet - INFO - Epoch [1][190/989]	lr: 5.853e-03, eta: 0:04:20, time: 0.313, data_time: 0.021, memory: 6174, loss_cls: 0.0000, loss_bbox: 0.0000, loss_mask: 0.0000, loss_centerness: 0.0000, loss: 0.0000, grad_norm: 0.0005
2023-03-10 13:19:07,331 - mmdet - INFO - Epoch [1][200/989]	lr: 5.987e-03, eta: 0:04:16, time: 0.313, data_time: 0.021, memory: 6174, loss_cls: 0.0000, loss_bbox: 0.0000, loss_mask: 0.0000, loss_centerness: 0.0000, loss: 0.0000, grad_norm: 0.0005
2023-03-10 13:19:10,472 - mmdet - INFO - Epoch [1][210/989]	lr: 6.120e-03, eta: 0:04:12, time: 0.314, data_time: 0.021, memory: 6174, loss_cls: 0.0000, loss_bbox: 0.0000, loss_mask: 0.0000, loss_centerness: 0.0000, loss: 0.0000, grad_norm: 0.0005
2023-03-10 13:19:13,594 - mmdet - INFO - Epoch [1][220/989]	lr: 6.253e-03, eta: 0:04:09, time: 0.312, data_time: 0.020, memory: 6174, loss_cls: 0.0000, loss_bbox: 0.0000, loss_mask: 0.0000, loss_centerness: 0.0000, loss: 0.0000, grad_norm: 0.0005
2023-03-10 13:19:16,723 - mmdet - INFO - Epoch [1][230/989]	lr: 6.387e-03, eta: 0:04:05, time: 0.313, data_time: 0.021, memory: 6174, loss_cls: 0.0000, loss_bbox: 0.0000, loss_mask: 0.0000, loss_centerness: 0.0000, loss: 0.0000, grad_norm: 0.0004
2023-03-10 13:19:19,860 - mmdet - INFO - Epoch [1][240/989]	lr: 6.520e-03, eta: 0:04:02, time: 0.314, data_time: 0.022, memory: 6174, loss_cls: 0.0000, loss_bbox: 0.0000, loss_mask: 0.0000, loss_centerness: 0.0000, loss: 0.0000, grad_norm: 0.0004
2023-03-10 13:19:23,007 - mmdet - INFO - Epoch [1][250/989]	lr: 6.653e-03, eta: 0:03:58, time: 0.315, data_time: 0.022, memory: 6174, loss_cls: 0.0000, loss_bbox: 0.0000, loss_mask: 0.0000, loss_centerness: 0.0000, loss: 0.0000, grad_norm: 0.0004
2023-03-10 13:19:26,132 - mmdet - INFO - Epoch [1][260/989]	lr: 6.787e-03, eta: 0:03:55, time: 0.312, data_time: 0.020, memory: 6174, loss_cls: 0.0000, loss_bbox: 0.0000, loss_mask: 0.0000, loss_centerness: 0.0000, loss: 0.0000, grad_norm: 0.0004
2023-03-10 13:19:29,270 - mmdet - INFO - Epoch [1][270/989]	lr: 6.920e-03, eta: 0:03:51, time: 0.314, data_time: 0.021, memory: 6174, loss_cls: 0.0000, loss_bbox: 0.0000, loss_mask: 0.0000, loss_centerness: 0.0000, loss: 0.0000, grad_norm: 0.0004
2023-03-10 13:19:32,399 - mmdet - INFO - Epoch [1][280/989]	lr: 7.053e-03, eta: 0:03:48, time: 0.313, data_time: 0.020, memory: 6174, loss_cls: 0.0000, loss_bbox: 0.0000, loss_mask: 0.0000, loss_centerness: 0.0000, loss: 0.0000, grad_norm: 0.0004
2023-03-10 13:19:35,532 - mmdet - INFO - Epoch [1][290/989]	lr: 7.187e-03, eta: 0:03:44, time: 0.313, data_time: 0.020, memory: 6174, loss_cls: 0.0000, loss_bbox: 0.0000, loss_mask: 0.0000, loss_centerness: 0.0000, loss: 0.0000, grad_norm: 0.0004
2023-03-10 13:19:38,654 - mmdet - INFO - Epoch [1][300/989]	lr: 7.320e-03, eta: 0:03:41, time: 0.312, data_time: 0.021, memory: 6174, loss_cls: 0.0000, loss_bbox: 0.0000, loss_mask: 0.0000, loss_centerness: 0.0000, loss: 0.0000, grad_norm: 0.0004
2023-03-10 13:19:41,785 - mmdet - INFO - Epoch [1][310/989]	lr: 7.453e-03, eta: 0:03:37, time: 0.313, data_time: 0.021, memory: 6174, loss_cls: 0.0000, loss_bbox: 0.0000, loss_mask: 0.0000, loss_centerness: 0.0000, loss: 0.0000, grad_norm: 0.0004
2023-03-10 13:19:44,920 - mmdet - INFO - Epoch [1][320/989]	lr: 7.587e-03, eta: 0:03:34, time: 0.314, data_time: 0.021, memory: 6174, loss_cls: 0.0000, loss_bbox: 0.0000, loss_mask: 0.0000, loss_centerness: 0.0000, loss: 0.0000, grad_norm: 0.0004
2023-03-10 13:19:48,046 - mmdet - INFO - Epoch [1][330/989]	lr: 7.720e-03, eta: 0:03:31, time: 0.313, data_time: 0.021, memory: 6174, loss_cls: 0.0000, loss_bbox: 0.0000, loss_mask: 0.0000, loss_centerness: 0.0000, loss: 0.0000, grad_norm: 0.0004
2023-03-10 13:19:51,187 - mmdet - INFO - Epoch [1][340/989]	lr: 7.853e-03, eta: 0:03:27, time: 0.314, data_time: 0.020, memory: 6174, loss_cls: 0.0000, loss_bbox: 0.0000, loss_mask: 0.0000, loss_centerness: 0.0000, loss: 0.0000, grad_norm: 0.0003
2023-03-10 13:19:54,319 - mmdet - INFO - Epoch [1][350/989]	lr: 7.987e-03, eta: 0:03:24, time: 0.313, data_time: 0.020, memory: 6174, loss_cls: 0.0000, loss_bbox: 0.0000, loss_mask: 0.0000, loss_centerness: 0.0000, loss: 0.0000, grad_norm: 0.0003
2023-03-10 13:19:57,458 - mmdet - INFO - Epoch [1][360/989]	lr: 8.120e-03, eta: 0:03:21, time: 0.314, data_time: 0.021, memory: 6174, loss_cls: 0.0000, loss_bbox: 0.0000, loss_mask: 0.0000, loss_centerness: 0.0000, loss: 0.0000, grad_norm: 0.0003
2023-03-10 13:20:00,645 - mmdet - INFO - Epoch [1][370/989]	lr: 8.253e-03, eta: 0:03:18, time: 0.319, data_time: 0.020, memory: 6174, loss_cls: 0.0000, loss_bbox: 0.0000, loss_mask: 0.0000, loss_centerness: 0.0000, loss: 0.0000, grad_norm: 0.0003
2023-03-10 13:20:03,823 - mmdet - INFO - Epoch [1][380/989]	lr: 8.387e-03, eta: 0:03:14, time: 0.318, data_time: 0.021, memory: 6174, loss_cls: 0.0000, loss_bbox: 0.0000, loss_mask: 0.0000, loss_centerness: 0.0000, loss: 0.0000, grad_norm: 0.0003
2023-03-10 13:20:07,080 - mmdet - INFO - Epoch [1][390/989]	lr: 8.520e-03, eta: 0:03:11, time: 0.326, data_time: 0.020, memory: 6174, loss_cls: 0.0000, loss_bbox: 0.0000, loss_mask: 0.0000, loss_centerness: 0.0000, loss: 0.0000, grad_norm: 0.0003
2023-03-10 13:20:10,245 - mmdet - INFO - Epoch [1][400/989]	lr: 8.653e-03, eta: 0:03:08, time: 0.317, data_time: 0.021, memory: 6174, loss_cls: 0.0000, loss_bbox: 0.0000, loss_mask: 0.0000, loss_centerness: 0.0000, loss: 0.0000, grad_norm: 0.0003
2023-03-10 13:20:13,473 - mmdet - INFO - Epoch [1][410/989]	lr: 8.787e-03, eta: 0:03:05, time: 0.323, data_time: 0.021, memory: 6174, loss_cls: 0.0000, loss_bbox: 0.0000, loss_mask: 0.0000, loss_centerness: 0.0000, loss: 0.0000, grad_norm: 0.0003
2023-03-10 13:20:16,666 - mmdet - INFO - Epoch [1][420/989]	lr: 8.920e-03, eta: 0:03:02, time: 0.319, data_time: 0.020, memory: 6174, loss_cls: 0.0000, loss_bbox: 0.0000, loss_mask: 0.0000, loss_centerness: 0.0000, loss: 0.0000, grad_norm: 0.0003
2023-03-10 13:20:19,847 - mmdet - INFO - Epoch [1][430/989]	lr: 9.053e-03, eta: 0:02:58, time: 0.318, data_time: 0.022, memory: 6174, loss_cls: 0.0000, loss_bbox: 0.0000, loss_mask: 0.0000, loss_centerness: 0.0000, loss: 0.0000, grad_norm: 0.0003
2023-03-10 13:20:23,032 - mmdet - INFO - Epoch [1][440/989]	lr: 9.187e-03, eta: 0:02:55, time: 0.319, data_time: 0.020, memory: 6174, loss_cls: 0.0000, loss_bbox: 0.0000, loss_mask: 0.0000, loss_centerness: 0.0000, loss: 0.0000, grad_norm: 0.0003
2023-03-10 13:20:26,231 - mmdet - INFO - Epoch [1][450/989]	lr: 9.320e-03, eta: 0:02:52, time: 0.320, data_time: 0.020, memory: 6174, loss_cls: 0.0000, loss_bbox: 0.0000, loss_mask: 0.0000, loss_centerness: 0.0000, loss: 0.0000, grad_norm: 0.0003
2023-03-10 13:20:29,376 - mmdet - INFO - Epoch [1][460/989]	lr: 9.453e-03, eta: 0:02:49, time: 0.314, data_time: 0.021, memory: 6174, loss_cls: 0.0000, loss_bbox: 0.0000, loss_mask: 0.0000, loss_centerness: 0.0000, loss: 0.0000, grad_norm: 0.0003
2023-03-10 13:20:32,534 - mmdet - INFO - Epoch [1][470/989]	lr: 9.587e-03, eta: 0:02:45, time: 0.316, data_time: 0.022, memory: 6174, loss_cls: 0.0000, loss_bbox: 0.0000, loss_mask: 0.0000, loss_centerness: 0.0000, loss: 0.0000, grad_norm: 0.0003
2023-03-10 13:20:35,677 - mmdet - INFO - Epoch [1][480/989]	lr: 9.720e-03, eta: 0:02:42, time: 0.314, data_time: 0.020, memory: 6174, loss_cls: 0.0000, loss_bbox: 0.0000, loss_mask: 0.0000, loss_centerness: 0.0000, loss: 0.0000, grad_norm: 0.0003
2023-03-10 13:20:38,820 - mmdet - INFO - Epoch [1][490/989]	lr: 9.853e-03, eta: 0:02:39, time: 0.314, data_time: 0.020, memory: 6174, loss_cls: 0.0000, loss_bbox: 0.0000, loss_mask: 0.0000, loss_centerness: 0.0000, loss: 0.0000, grad_norm: 0.0003
2023-03-10 13:20:41,957 - mmdet - INFO - Epoch [1][500/989]	lr: 9.987e-03, eta: 0:02:36, time: 0.314, data_time: 0.020, memory: 6174, loss_cls: 0.0000, loss_bbox: 0.0000, loss_mask: 0.0000, loss_centerness: 0.0000, loss: 0.0000, grad_norm: 0.0003
2023-03-10 13:20:45,105 - mmdet - INFO - Epoch [1][510/989]	lr: 1.000e-02, eta: 0:02:32, time: 0.315, data_time: 0.021, memory: 6174, loss_cls: 0.0000, loss_bbox: 0.0000, loss_mask: 0.0000, loss_centerness: 0.0000, loss: 0.0000, grad_norm: 0.0003
2023-03-10 13:20:48,259 - mmdet - INFO - Epoch [1][520/989]	lr: 1.000e-02, eta: 0:02:29, time: 0.315, data_time: 0.021, memory: 6174, loss_cls: 0.0000, loss_bbox: 0.0000, loss_mask: 0.0000, loss_centerness: 0.0000, loss: 0.0000, grad_norm: 0.0002
2023-03-10 13:20:51,404 - mmdet - INFO - Epoch [1][530/989]	lr: 1.000e-02, eta: 0:02:26, time: 0.315, data_time: 0.021, memory: 6174, loss_cls: 0.0000, loss_bbox: 0.0000, loss_mask: 0.0000, loss_centerness: 0.0000, loss: 0.0000, grad_norm: 0.0002
2023-03-10 13:20:54,543 - mmdet - INFO - Epoch [1][540/989]	lr: 1.000e-02, eta: 0:02:23, time: 0.314, data_time: 0.020, memory: 6174, loss_cls: 0.0000, loss_bbox: 0.0000, loss_mask: 0.0000, loss_centerness: 0.0000, loss: 0.0000, grad_norm: 0.0002
2023-03-10 13:20:57,687 - mmdet - INFO - Epoch [1][550/989]	lr: 1.000e-02, eta: 0:02:20, time: 0.314, data_time: 0.021, memory: 6174, loss_cls: 0.0000, loss_bbox: 0.0000, loss_mask: 0.0000, loss_centerness: 0.0000, loss: 0.0000, grad_norm: 0.0002
2023-03-10 13:21:00,833 - mmdet - INFO - Epoch [1][560/989]	lr: 1.000e-02, eta: 0:02:16, time: 0.315, data_time: 0.021, memory: 6174, loss_cls: 0.0000, loss_bbox: 0.0000, loss_mask: 0.0000, loss_centerness: 0.0000, loss: 0.0000, grad_norm: 0.0002
2023-03-10 13:21:03,985 - mmdet - INFO - Epoch [1][570/989]	lr: 1.000e-02, eta: 0:02:13, time: 0.315, data_time: 0.021, memory: 6174, loss_cls: 0.0000, loss_bbox: 0.0000, loss_mask: 0.0000, loss_centerness: 0.0000, loss: 0.0000, grad_norm: 0.0002
2023-03-10 13:21:07,127 - mmdet - INFO - Epoch [1][580/989]	lr: 1.000e-02, eta: 0:02:10, time: 0.314, data_time: 0.021, memory: 6174, loss_cls: 0.0000, loss_bbox: 0.0000, loss_mask: 0.0000, loss_centerness: 0.0000, loss: 0.0000, grad_norm: 0.0002
2023-03-10 13:21:10,267 - mmdet - INFO - Epoch [1][590/989]	lr: 1.000e-02, eta: 0:02:07, time: 0.314, data_time: 0.020, memory: 6174, loss_cls: 0.0000, loss_bbox: 0.0000, loss_mask: 0.0000, loss_centerness: 0.0000, loss: 0.0000, grad_norm: 0.0002
2023-03-10 13:21:13,417 - mmdet - INFO - Epoch [1][600/989]	lr: 1.000e-02, eta: 0:02:03, time: 0.315, data_time: 0.021, memory: 6174, loss_cls: 0.0000, loss_bbox: 0.0000, loss_mask: 0.0000, loss_centerness: 0.0000, loss: 0.0000, grad_norm: 0.0002
2023-03-10 13:21:16,576 - mmdet - INFO - Epoch [1][610/989]	lr: 1.000e-02, eta: 0:02:00, time: 0.316, data_time: 0.022, memory: 6174, loss_cls: 0.0000, loss_bbox: 0.0000, loss_mask: 0.0000, loss_centerness: 0.0000, loss: 0.0000, grad_norm: 0.0002
2023-03-10 13:21:19,733 - mmdet - INFO - Epoch [1][620/989]	lr: 1.000e-02, eta: 0:01:57, time: 0.316, data_time: 0.021, memory: 6174, loss_cls: 0.0000, loss_bbox: 0.0000, loss_mask: 0.0000, loss_centerness: 0.0000, loss: 0.0000, grad_norm: 0.0002
2023-03-10 13:21:22,884 - mmdet - INFO - Epoch [1][630/989]	lr: 1.000e-02, eta: 0:01:54, time: 0.315, data_time: 0.021, memory: 6174, loss_cls: 0.0000, loss_bbox: 0.0000, loss_mask: 0.0000, loss_centerness: 0.0000, loss: 0.0000, grad_norm: 0.0002
2023-03-10 13:21:26,035 - mmdet - INFO - Epoch [1][640/989]	lr: 1.000e-02, eta: 0:01:51, time: 0.315, data_time: 0.021, memory: 6174, loss_cls: 0.0000, loss_bbox: 0.0000, loss_mask: 0.0000, loss_centerness: 0.0000, loss: 0.0000, grad_norm: 0.0002
2023-03-10 13:21:29,196 - mmdet - INFO - Epoch [1][650/989]	lr: 1.000e-02, eta: 0:01:47, time: 0.316, data_time: 0.022, memory: 6174, loss_cls: 0.0000, loss_bbox: 0.0000, loss_mask: 0.0000, loss_centerness: 0.0000, loss: 0.0000, grad_norm: 0.0002
2023-03-10 13:21:32,345 - mmdet - INFO - Epoch [1][660/989]	lr: 1.000e-02, eta: 0:01:44, time: 0.315, data_time: 0.021, memory: 6174, loss_cls: 0.0000, loss_bbox: 0.0000, loss_mask: 0.0000, loss_centerness: 0.0000, loss: 0.0000, grad_norm: 0.0002
2023-03-10 13:21:35,495 - mmdet - INFO - Epoch [1][670/989]	lr: 1.000e-02, eta: 0:01:41, time: 0.315, data_time: 0.021, memory: 6174, loss_cls: 0.0000, loss_bbox: 0.0000, loss_mask: 0.0000, loss_centerness: 0.0000, loss: 0.0000, grad_norm: 0.0002
2023-03-10 13:21:38,642 - mmdet - INFO - Epoch [1][680/989]	lr: 1.000e-02, eta: 0:01:38, time: 0.315, data_time: 0.021, memory: 6174, loss_cls: 0.0000, loss_bbox: 0.0000, loss_mask: 0.0000, loss_centerness: 0.0000, loss: 0.0000, grad_norm: 0.0002
2023-03-10 13:21:41,786 - mmdet - INFO - Epoch [1][690/989]	lr: 1.000e-02, eta: 0:01:35, time: 0.314, data_time: 0.020, memory: 6174, loss_cls: 0.0000, loss_bbox: 0.0000, loss_mask: 0.0000, loss_centerness: 0.0000, loss: 0.0000, grad_norm: 0.0002
2023-03-10 13:21:44,935 - mmdet - INFO - Epoch [1][700/989]	lr: 1.000e-02, eta: 0:01:31, time: 0.315, data_time: 0.020, memory: 6174, loss_cls: 0.0000, loss_bbox: 0.0000, loss_mask: 0.0000, loss_centerness: 0.0000, loss: 0.0000, grad_norm: 0.0002
2023-03-10 13:21:48,076 - mmdet - INFO - Epoch [1][710/989]	lr: 1.000e-02, eta: 0:01:28, time: 0.314, data_time: 0.020, memory: 6174, loss_cls: 0.0000, loss_bbox: 0.0000, loss_mask: 0.0000, loss_centerness: 0.0000, loss: 0.0000, grad_norm: 0.0002
2023-03-10 13:21:51,215 - mmdet - INFO - Epoch [1][720/989]	lr: 1.000e-02, eta: 0:01:25, time: 0.314, data_time: 0.020, memory: 6174, loss_cls: 0.0000, loss_bbox: 0.0000, loss_mask: 0.0000, loss_centerness: 0.0000, loss: 0.0000, grad_norm: 0.0002
2023-03-10 13:21:54,359 - mmdet - INFO - Epoch [1][730/989]	lr: 1.000e-02, eta: 0:01:22, time: 0.314, data_time: 0.020, memory: 6174, loss_cls: 0.0000, loss_bbox: 0.0000, loss_mask: 0.0000, loss_centerness: 0.0000, loss: 0.0000, grad_norm: 0.0002
2023-03-10 13:21:57,503 - mmdet - INFO - Epoch [1][740/989]	lr: 1.000e-02, eta: 0:01:19, time: 0.314, data_time: 0.021, memory: 6174, loss_cls: 0.0000, loss_bbox: 0.0000, loss_mask: 0.0000, loss_centerness: 0.0000, loss: 0.0000, grad_norm: 0.0002
2023-03-10 13:22:00,656 - mmdet - INFO - Epoch [1][750/989]	lr: 1.000e-02, eta: 0:01:15, time: 0.315, data_time: 0.021, memory: 6174, loss_cls: 0.0000, loss_bbox: 0.0000, loss_mask: 0.0000, loss_centerness: 0.0000, loss: 0.0000, grad_norm: 0.0002
2023-03-10 13:22:03,792 - mmdet - INFO - Epoch [1][760/989]	lr: 1.000e-02, eta: 0:01:12, time: 0.314, data_time: 0.020, memory: 6174, loss_cls: 0.0000, loss_bbox: 0.0000, loss_mask: 0.0000, loss_centerness: 0.0000, loss: 0.0000, grad_norm: 0.0002
2023-03-10 13:22:06,932 - mmdet - INFO - Epoch [1][770/989]	lr: 1.000e-02, eta: 0:01:09, time: 0.314, data_time: 0.020, memory: 6174, loss_cls: 0.0000, loss_bbox: 0.0000, loss_mask: 0.0000, loss_centerness: 0.0000, loss: 0.0000, grad_norm: 0.0002
2023-03-10 13:22:10,080 - mmdet - INFO - Epoch [1][780/989]	lr: 1.000e-02, eta: 0:01:06, time: 0.315, data_time: 0.020, memory: 6174, loss_cls: 0.0000, loss_bbox: 0.0000, loss_mask: 0.0000, loss_centerness: 0.0000, loss: 0.0000, grad_norm: 0.0002
2023-03-10 13:22:13,237 - mmdet - INFO - Epoch [1][790/989]	lr: 1.000e-02, eta: 0:01:03, time: 0.316, data_time: 0.021, memory: 6174, loss_cls: 0.0000, loss_bbox: 0.0000, loss_mask: 0.0000, loss_centerness: 0.0000, loss: 0.0000, grad_norm: 0.0002
2023-03-10 13:22:16,378 - mmdet - INFO - Epoch [1][800/989]	lr: 1.000e-02, eta: 0:01:00, time: 0.314, data_time: 0.020, memory: 6174, loss_cls: 0.0000, loss_bbox: 0.0000, loss_mask: 0.0000, loss_centerness: 0.0000, loss: 0.0000, grad_norm: 0.0002
2023-03-10 13:22:19,530 - mmdet - INFO - Epoch [1][810/989]	lr: 1.000e-02, eta: 0:00:56, time: 0.315, data_time: 0.021, memory: 6174, loss_cls: 0.0000, loss_bbox: 0.0000, loss_mask: 0.0000, loss_centerness: 0.0000, loss: 0.0000, grad_norm: 0.0002
2023-03-10 13:22:22,675 - mmdet - INFO - Epoch [1][820/989]	lr: 1.000e-02, eta: 0:00:53, time: 0.314, data_time: 0.021, memory: 6174, loss_cls: 0.0000, loss_bbox: 0.0000, loss_mask: 0.0000, loss_centerness: 0.0000, loss: 0.0000, grad_norm: 0.0002
2023-03-10 13:22:25,814 - mmdet - INFO - Epoch [1][830/989]	lr: 1.000e-02, eta: 0:00:50, time: 0.314, data_time: 0.020, memory: 6174, loss_cls: 0.0000, loss_bbox: 0.0000, loss_mask: 0.0000, loss_centerness: 0.0000, loss: 0.0000, grad_norm: 0.0002
2023-03-10 13:22:28,949 - mmdet - INFO - Epoch [1][840/989]	lr: 1.000e-02, eta: 0:00:47, time: 0.313, data_time: 0.020, memory: 6174, loss_cls: 0.0000, loss_bbox: 0.0000, loss_mask: 0.0000, loss_centerness: 0.0000, loss: 0.0000, grad_norm: 0.0002
2023-03-10 13:22:32,088 - mmdet - INFO - Epoch [1][850/989]	lr: 1.000e-02, eta: 0:00:44, time: 0.314, data_time: 0.020, memory: 6174, loss_cls: 0.0000, loss_bbox: 0.0000, loss_mask: 0.0000, loss_centerness: 0.0000, loss: 0.0000, grad_norm: 0.0002
2023-03-10 13:22:35,233 - mmdet - INFO - Epoch [1][860/989]	lr: 1.000e-02, eta: 0:00:40, time: 0.315, data_time: 0.021, memory: 6174, loss_cls: 0.0000, loss_bbox: 0.0000, loss_mask: 0.0000, loss_centerness: 0.0000, loss: 0.0000, grad_norm: 0.0002
2023-03-10 13:22:38,387 - mmdet - INFO - Epoch [1][870/989]	lr: 1.000e-02, eta: 0:00:37, time: 0.315, data_time: 0.021, memory: 6174, loss_cls: 0.0000, loss_bbox: 0.0000, loss_mask: 0.0000, loss_centerness: 0.0000, loss: 0.0000, grad_norm: 0.0002
2023-03-10 13:22:41,533 - mmdet - INFO - Epoch [1][880/989]	lr: 1.000e-02, eta: 0:00:34, time: 0.315, data_time: 0.022, memory: 6174, loss_cls: 0.0000, loss_bbox: 0.0000, loss_mask: 0.0000, loss_centerness: 0.0000, loss: 0.0000, grad_norm: 0.0002
2023-03-10 13:22:44,674 - mmdet - INFO - Epoch [1][890/989]	lr: 1.000e-02, eta: 0:00:31, time: 0.314, data_time: 0.020, memory: 6174, loss_cls: 0.0000, loss_bbox: 0.0000, loss_mask: 0.0000, loss_centerness: 0.0000, loss: 0.0000, grad_norm: 0.0002
2023-03-10 13:22:47,859 - mmdet - INFO - Epoch [1][900/989]	lr: 1.000e-02, eta: 0:00:28, time: 0.319, data_time: 0.020, memory: 6174, loss_cls: 0.0000, loss_bbox: 0.0000, loss_mask: 0.0000, loss_centerness: 0.0000, loss: 0.0000, grad_norm: 0.0002
2023-03-10 13:22:51,110 - mmdet - INFO - Epoch [1][910/989]	lr: 1.000e-02, eta: 0:00:25, time: 0.325, data_time: 0.021, memory: 6174, loss_cls: 0.0000, loss_bbox: 0.0000, loss_mask: 0.0000, loss_centerness: 0.0000, loss: 0.0000, grad_norm: 0.0002
2023-03-10 13:22:54,348 - mmdet - INFO - Epoch [1][920/989]	lr: 1.000e-02, eta: 0:00:21, time: 0.324, data_time: 0.021, memory: 6174, loss_cls: 0.0000, loss_bbox: 0.0000, loss_mask: 0.0000, loss_centerness: 0.0000, loss: 0.0000, grad_norm: 0.0002
2023-03-10 13:22:57,526 - mmdet - INFO - Epoch [1][930/989]	lr: 1.000e-02, eta: 0:00:18, time: 0.318, data_time: 0.020, memory: 6174, loss_cls: 0.0000, loss_bbox: 0.0000, loss_mask: 0.0000, loss_centerness: 0.0000, loss: 0.0000, grad_norm: 0.0001
2023-03-10 13:23:00,707 - mmdet - INFO - Epoch [1][940/989]	lr: 1.000e-02, eta: 0:00:15, time: 0.318, data_time: 0.021, memory: 6174, loss_cls: 0.0000, loss_bbox: 0.0000, loss_mask: 0.0000, loss_centerness: 0.0000, loss: 0.0000, grad_norm: 0.0001
2023-03-10 13:23:03,940 - mmdet - INFO - Epoch [1][950/989]	lr: 1.000e-02, eta: 0:00:12, time: 0.323, data_time: 0.020, memory: 6174, loss_cls: 0.0000, loss_bbox: 0.0000, loss_mask: 0.0000, loss_centerness: 0.0000, loss: 0.0000, grad_norm: 0.0001
2023-03-10 13:23:07,125 - mmdet - INFO - Epoch [1][960/989]	lr: 1.000e-02, eta: 0:00:09, time: 0.319, data_time: 0.020, memory: 6174, loss_cls: 0.0000, loss_bbox: 0.0000, loss_mask: 0.0000, loss_centerness: 0.0000, loss: 0.0000, grad_norm: 0.0001
2023-03-10 13:23:10,344 - mmdet - INFO - Epoch [1][970/989]	lr: 1.000e-02, eta: 0:00:06, time: 0.322, data_time: 0.021, memory: 6174, loss_cls: 0.0000, loss_bbox: 0.0000, loss_mask: 0.0000, loss_centerness: 0.0000, loss: 0.0000, grad_norm: 0.0001
2023-03-10 13:23:13,544 - mmdet - INFO - Epoch [1][980/989]	lr: 1.000e-02, eta: 0:00:02, time: 0.320, data_time: 0.020, memory: 6174, loss_cls: 0.0000, loss_bbox: 0.0000, loss_mask: 0.0000, loss_centerness: 0.0000, loss: 0.0000, grad_norm: 0.0001
2023-03-10 13:23:16,368 - mmdet - INFO - Saving checkpoint at 1 epochs
